17.05.2021 18:04:28.407 [main] [INFO ]  by.kuzmich.models.Building - The building begins to be created
17.05.2021 18:04:28.610 [main] [INFO ]  by.kuzmich.models.Building - The building was created
17.05.2021 18:04:28.633 [Floor #7] [INFO ]  by.kuzmich.models.Floor - Up: [], Down: []
17.05.2021 18:04:28.633 [Floor #2] [INFO ]  by.kuzmich.service.CallService - Add call: Call(number=2, direction=UP)
17.05.2021 18:04:28.640 [Floor #1] [INFO ]  by.kuzmich.service.CallService - Add call: Call(number=1, direction=UP)
17.05.2021 18:04:28.640 [Floor #3] [INFO ]  by.kuzmich.service.CallService - Add call: Call(number=3, direction=UP)
17.05.2021 18:04:28.640 [Floor #4] [INFO ]  by.kuzmich.service.CallService - Add call: Call(number=4, direction=UP)
17.05.2021 18:04:28.640 [Floor #5] [INFO ]  by.kuzmich.service.CallService - Add call: Call(number=5, direction=DOWN)
17.05.2021 18:04:28.640 [Floor #6] [INFO ]  by.kuzmich.service.CallService - Add call: Call(number=6, direction=DOWN)
17.05.2021 18:04:28.655 [Floor #8] [INFO ]  by.kuzmich.service.CallService - Add call: Call(number=8, direction=DOWN)
17.05.2021 18:04:28.655 [Floor #9] [INFO ]  by.kuzmich.service.CallService - Add call: Call(number=9, direction=DOWN)
17.05.2021 18:04:28.655 [Floor #10] [INFO ]  by.kuzmich.service.CallService - Add call: Call(number=10, direction=DOWN)
17.05.2021 18:04:28.655 [Elevator #1] [INFO ]  by.kuzmich.service.CallService - Delete call: Call(number=1, direction=UP)
17.05.2021 18:04:28.640 [Floor #5] [INFO ]  by.kuzmich.models.Floor - Up: [], Down: [Passenger(id=b1f9f8e2-8555-4935-8775-76635363383a, weight=52, floorNumber=3)]
17.05.2021 18:04:28.640 [Floor #2] [INFO ]  by.kuzmich.models.Floor - Up: [Passenger(id=19db2bb7-6bb8-40ce-ab0c-a904f63feafe, weight=27, floorNumber=4)], Down: []
17.05.2021 18:04:28.640 [Floor #1] [INFO ]  by.kuzmich.models.Floor - Up: [Passenger(id=e915455c-4fcd-42a2-a463-2991ad3c705e, weight=30, floorNumber=4)], Down: []
17.05.2021 18:04:28.655 [Floor #9] [INFO ]  by.kuzmich.models.Floor - Up: [], Down: [Passenger(id=6a266294-c6dc-4e94-ac8b-7a10583e7225, weight=102, floorNumber=2)]
17.05.2021 18:04:28.655 [Floor #10] [INFO ]  by.kuzmich.models.Floor - Up: [], Down: [Passenger(id=eb1c0874-e2ec-4322-b6df-33b953f549fc, weight=30, floorNumber=2)]
17.05.2021 18:04:28.655 [Floor #8] [INFO ]  by.kuzmich.models.Floor - Up: [], Down: [Passenger(id=ec5f2b2d-b264-4119-aeb9-98b5470b2c52, weight=22, floorNumber=1)]
17.05.2021 18:04:28.655 [Floor #6] [INFO ]  by.kuzmich.models.Floor - Up: [], Down: [Passenger(id=cdffbc5e-042f-43ef-abb4-ade8d91c9e95, weight=67, floorNumber=4)]
17.05.2021 18:04:28.640 [Floor #4] [INFO ]  by.kuzmich.models.Floor - Up: [Passenger(id=eabd8815-5813-41ff-8729-265f4df02703, weight=60, floorNumber=10)], Down: []
17.05.2021 18:04:28.640 [Floor #3] [INFO ]  by.kuzmich.models.Floor - Up: [Passenger(id=adbfd853-488f-4e80-ab80-ca89f56d8b9d, weight=82, floorNumber=7)], Down: []
17.05.2021 18:04:29.683 [Elevator #1] [INFO ]  by.kuzmich.models.Elevator - Floor: 1, Add Passenger(id=e915455c-4fcd-42a2-a463-2991ad3c705e, weight=30, floorNumber=4)
17.05.2021 18:04:29.683 [Elevator #1] [INFO ]  by.kuzmich.models.Elevator - Load elevator = 30
17.05.2021 18:04:33.644 [Floor #7] [INFO ]  by.kuzmich.service.CallService - Add call: Call(number=7, direction=DOWN)
17.05.2021 18:04:33.644 [Floor #7] [INFO ]  by.kuzmich.models.Floor - Up: [], Down: [Passenger(id=31d25c5b-21f4-427d-9d96-48658d62acbe, weight=89, floorNumber=5)]
17.05.2021 18:04:33.691 [Floor #9] [INFO ]  by.kuzmich.service.CallService - Add call: Call(number=9, direction=UP)
17.05.2021 18:04:33.691 [Floor #9] [INFO ]  by.kuzmich.models.Floor - Up: [Passenger(id=55ddae10-7c9f-42a9-901d-0c58f28a5bf9, weight=70, floorNumber=10)], Down: [Passenger(id=6a266294-c6dc-4e94-ac8b-7a10583e7225, weight=102, floorNumber=2)]
17.05.2021 18:04:33.692 [Floor #2] [INFO ]  by.kuzmich.models.Floor - Up: [Passenger(id=19db2bb7-6bb8-40ce-ab0c-a904f63feafe, weight=27, floorNumber=4), Passenger(id=0019e0cd-7077-40e4-9f59-6e439f90f0a5, weight=23, floorNumber=10)], Down: []
17.05.2021 18:04:33.692 [Floor #10] [INFO ]  by.kuzmich.models.Floor - Up: [], Down: [Passenger(id=eb1c0874-e2ec-4322-b6df-33b953f549fc, weight=30, floorNumber=2), Passenger(id=675503c4-10f5-4d93-8475-9215727f582d, weight=87, floorNumber=1)]
17.05.2021 18:04:33.692 [Floor #1] [INFO ]  by.kuzmich.models.Floor - Up: [], Down: []
17.05.2021 18:04:33.692 [Floor #6] [INFO ]  by.kuzmich.models.Floor - Up: [], Down: [Passenger(id=cdffbc5e-042f-43ef-abb4-ade8d91c9e95, weight=67, floorNumber=4), Passenger(id=dbee5f90-9c9a-4ec4-a1f4-8aaa574ec264, weight=69, floorNumber=4)]
17.05.2021 18:04:33.693 [Floor #8] [INFO ]  by.kuzmich.models.Floor - Up: [], Down: [Passenger(id=ec5f2b2d-b264-4119-aeb9-98b5470b2c52, weight=22, floorNumber=1), Passenger(id=df7716e6-2778-40b2-bbe6-037ebbf896c4, weight=52, floorNumber=7)]
17.05.2021 18:04:33.693 [Floor #4] [INFO ]  by.kuzmich.service.CallService - Add call: Call(number=4, direction=DOWN)
17.05.2021 18:04:33.693 [Floor #4] [INFO ]  by.kuzmich.models.Floor - Up: [Passenger(id=eabd8815-5813-41ff-8729-265f4df02703, weight=60, floorNumber=10)], Down: [Passenger(id=f51278ee-b567-441d-acab-c051b0f616d3, weight=67, floorNumber=1)]
17.05.2021 18:04:33.693 [Floor #3] [INFO ]  by.kuzmich.service.CallService - Add call: Call(number=3, direction=DOWN)
17.05.2021 18:04:33.693 [Floor #3] [INFO ]  by.kuzmich.models.Floor - Up: [Passenger(id=adbfd853-488f-4e80-ab80-ca89f56d8b9d, weight=82, floorNumber=7)], Down: [Passenger(id=e600c0d9-18d2-4ef1-bf96-938a910f3737, weight=88, floorNumber=2)]
17.05.2021 18:04:33.693 [Floor #5] [INFO ]  by.kuzmich.service.CallService - Add call: Call(number=5, direction=UP)
17.05.2021 18:04:33.693 [Floor #5] [INFO ]  by.kuzmich.models.Floor - Up: [Passenger(id=8140ab88-aad8-465e-bee5-7cf6658330df, weight=82, floorNumber=6)], Down: [Passenger(id=b1f9f8e2-8555-4935-8775-76635363383a, weight=52, floorNumber=3)]
17.05.2021 18:04:33.708 [Elevator #1] [INFO ]  by.kuzmich.service.FloorService - Elevator #1 now on the 1 floor
17.05.2021 18:04:33.708 [Elevator #1] [INFO ]  by.kuzmich.service.FloorService - Elevator #1 moved to the 2 floor
17.05.2021 18:04:34.724 [Elevator #1] [INFO ]  by.kuzmich.service.CallService - Delete call: Call(number=2, direction=UP)
17.05.2021 18:04:34.724 [Elevator #1] [INFO ]  by.kuzmich.models.Elevator - Floor: 2, Add Passenger(id=19db2bb7-6bb8-40ce-ab0c-a904f63feafe, weight=27, floorNumber=4)
17.05.2021 18:04:34.724 [Elevator #1] [INFO ]  by.kuzmich.models.Elevator - Load elevator = 57
17.05.2021 18:04:34.724 [Elevator #1] [INFO ]  by.kuzmich.models.Elevator - Floor: 2, Add Passenger(id=0019e0cd-7077-40e4-9f59-6e439f90f0a5, weight=23, floorNumber=10)
17.05.2021 18:04:34.724 [Elevator #1] [INFO ]  by.kuzmich.models.Elevator - Load elevator = 80
17.05.2021 18:04:38.646 [Floor #7] [INFO ]  by.kuzmich.models.Floor - Up: [], Down: [Passenger(id=31d25c5b-21f4-427d-9d96-48658d62acbe, weight=89, floorNumber=5), Passenger(id=387248cf-a250-45a8-ba15-587544549d37, weight=15, floorNumber=3)]
17.05.2021 18:04:38.693 [Floor #1] [INFO ]  by.kuzmich.service.CallService - Add call: Call(number=1, direction=UP)
17.05.2021 18:04:38.694 [Floor #1] [INFO ]  by.kuzmich.models.Floor - Up: [Passenger(id=40ab69b6-24ec-4279-973d-ae752b427de8, weight=101, floorNumber=4)], Down: []
17.05.2021 18:04:38.694 [Floor #2] [INFO ]  by.kuzmich.service.CallService - Add call: Call(number=2, direction=DOWN)
17.05.2021 18:04:38.696 [Floor #2] [INFO ]  by.kuzmich.models.Floor - Up: [], Down: [Passenger(id=8d5ba364-b12b-44cd-8b3a-2345ada252d9, weight=100, floorNumber=1)]
17.05.2021 18:04:38.696 [Floor #6] [INFO ]  by.kuzmich.models.Floor - Up: [], Down: [Passenger(id=cdffbc5e-042f-43ef-abb4-ade8d91c9e95, weight=67, floorNumber=4), Passenger(id=dbee5f90-9c9a-4ec4-a1f4-8aaa574ec264, weight=69, floorNumber=4), Passenger(id=389b619b-6897-4246-8591-94aab4607a8a, weight=23, floorNumber=1)]
17.05.2021 18:04:38.696 [Floor #9] [INFO ]  by.kuzmich.models.Floor - Up: [Passenger(id=55ddae10-7c9f-42a9-901d-0c58f28a5bf9, weight=70, floorNumber=10)], Down: [Passenger(id=6a266294-c6dc-4e94-ac8b-7a10583e7225, weight=102, floorNumber=2), Passenger(id=ff4babbf-bf30-494a-9faf-7eb4632bdc1c, weight=103, floorNumber=8)]
17.05.2021 18:04:38.696 [Floor #4] [INFO ]  by.kuzmich.models.Floor - Up: [Passenger(id=eabd8815-5813-41ff-8729-265f4df02703, weight=60, floorNumber=10), Passenger(id=30d1e56e-8393-47ed-90f8-ef09011f5b5e, weight=22, floorNumber=10)], Down: [Passenger(id=f51278ee-b567-441d-acab-c051b0f616d3, weight=67, floorNumber=1)]
17.05.2021 18:04:38.696 [Floor #10] [INFO ]  by.kuzmich.models.Floor - Up: [], Down: [Passenger(id=eb1c0874-e2ec-4322-b6df-33b953f549fc, weight=30, floorNumber=2), Passenger(id=675503c4-10f5-4d93-8475-9215727f582d, weight=87, floorNumber=1), Passenger(id=b88512f1-d5f3-4fba-ad7d-61d141dae191, weight=28, floorNumber=6)]
17.05.2021 18:04:38.696 [Floor #8] [INFO ]  by.kuzmich.models.Floor - Up: [], Down: [Passenger(id=ec5f2b2d-b264-4119-aeb9-98b5470b2c52, weight=22, floorNumber=1), Passenger(id=df7716e6-2778-40b2-bbe6-037ebbf896c4, weight=52, floorNumber=7), Passenger(id=18fe5187-c689-42fa-8011-8e4d8189cf59, weight=91, floorNumber=1)]
17.05.2021 18:04:38.698 [Floor #3] [INFO ]  by.kuzmich.models.Floor - Up: [Passenger(id=adbfd853-488f-4e80-ab80-ca89f56d8b9d, weight=82, floorNumber=7), Passenger(id=38ec1790-15d8-483b-afe7-8e02b435e3a4, weight=104, floorNumber=9)], Down: [Passenger(id=e600c0d9-18d2-4ef1-bf96-938a910f3737, weight=88, floorNumber=2)]
17.05.2021 18:04:38.698 [Floor #5] [INFO ]  by.kuzmich.models.Floor - Up: [Passenger(id=8140ab88-aad8-465e-bee5-7cf6658330df, weight=82, floorNumber=6), Passenger(id=60e6fd37-ca7b-431e-966f-6c0f6be22df8, weight=26, floorNumber=10)], Down: [Passenger(id=b1f9f8e2-8555-4935-8775-76635363383a, weight=52, floorNumber=3)]
17.05.2021 18:04:38.760 [Elevator #1] [INFO ]  by.kuzmich.service.FloorService - Elevator #1 now on the 2 floor
17.05.2021 18:04:38.760 [Elevator #1] [INFO ]  by.kuzmich.service.FloorService - Elevator #1 moved to the 3 floor
17.05.2021 18:04:39.768 [Elevator #1] [INFO ]  by.kuzmich.service.CallService - Delete call: Call(number=3, direction=UP)
17.05.2021 18:04:39.768 [Elevator #1] [INFO ]  by.kuzmich.models.Elevator - Floor: 3, Add Passenger(id=adbfd853-488f-4e80-ab80-ca89f56d8b9d, weight=82, floorNumber=7)
17.05.2021 18:04:39.768 [Elevator #1] [INFO ]  by.kuzmich.models.Elevator - Load elevator = 162
17.05.2021 18:04:39.768 [Elevator #1] [INFO ]  by.kuzmich.models.Elevator - Floor: 3, Add Passenger(id=38ec1790-15d8-483b-afe7-8e02b435e3a4, weight=104, floorNumber=9)
17.05.2021 18:04:39.768 [Elevator #1] [INFO ]  by.kuzmich.models.Elevator - Load elevator = 266
17.05.2021 18:04:43.650 [Floor #7] [INFO ]  by.kuzmich.models.Floor - Up: [], Down: [Passenger(id=31d25c5b-21f4-427d-9d96-48658d62acbe, weight=89, floorNumber=5), Passenger(id=387248cf-a250-45a8-ba15-587544549d37, weight=15, floorNumber=3), Passenger(id=b03b6d92-b9da-4976-9ecf-fcd5275c0361, weight=51, floorNumber=3)]
17.05.2021 18:04:43.697 [Floor #2] [INFO ]  by.kuzmich.service.CallService - Add call: Call(number=2, direction=UP)
17.05.2021 18:04:43.697 [Floor #4] [INFO ]  by.kuzmich.models.Floor - Up: [Passenger(id=eabd8815-5813-41ff-8729-265f4df02703, weight=60, floorNumber=10), Passenger(id=30d1e56e-8393-47ed-90f8-ef09011f5b5e, weight=22, floorNumber=10)], Down: [Passenger(id=f51278ee-b567-441d-acab-c051b0f616d3, weight=67, floorNumber=1)]
17.05.2021 18:04:43.697 [Floor #2] [INFO ]  by.kuzmich.models.Floor - Up: [Passenger(id=02113a36-e9ca-4d91-a042-6f1599da264c, weight=55, floorNumber=5)], Down: [Passenger(id=8d5ba364-b12b-44cd-8b3a-2345ada252d9, weight=100, floorNumber=1)]
17.05.2021 18:04:43.697 [Floor #6] [INFO ]  by.kuzmich.models.Floor - Up: [], Down: [Passenger(id=cdffbc5e-042f-43ef-abb4-ade8d91c9e95, weight=67, floorNumber=4), Passenger(id=dbee5f90-9c9a-4ec4-a1f4-8aaa574ec264, weight=69, floorNumber=4), Passenger(id=389b619b-6897-4246-8591-94aab4607a8a, weight=23, floorNumber=1), Passenger(id=810a33a6-7b8b-4a55-8e61-5250416f93f7, weight=68, floorNumber=2)]
17.05.2021 18:04:43.697 [Floor #9] [INFO ]  by.kuzmich.models.Floor - Up: [Passenger(id=55ddae10-7c9f-42a9-901d-0c58f28a5bf9, weight=70, floorNumber=10)], Down: [Passenger(id=6a266294-c6dc-4e94-ac8b-7a10583e7225, weight=102, floorNumber=2), Passenger(id=ff4babbf-bf30-494a-9faf-7eb4632bdc1c, weight=103, floorNumber=8)]
17.05.2021 18:04:43.699 [Floor #10] [INFO ]  by.kuzmich.models.Floor - Up: [], Down: [Passenger(id=eb1c0874-e2ec-4322-b6df-33b953f549fc, weight=30, floorNumber=2), Passenger(id=675503c4-10f5-4d93-8475-9215727f582d, weight=87, floorNumber=1), Passenger(id=b88512f1-d5f3-4fba-ad7d-61d141dae191, weight=28, floorNumber=6), Passenger(id=f6f98204-061d-4375-ab65-9d6ee4054618, weight=28, floorNumber=2)]
17.05.2021 18:04:43.699 [Floor #1] [INFO ]  by.kuzmich.models.Floor - Up: [Passenger(id=40ab69b6-24ec-4279-973d-ae752b427de8, weight=101, floorNumber=4)], Down: []
17.05.2021 18:04:43.715 [Floor #3] [INFO ]  by.kuzmich.service.CallService - Add call: Call(number=3, direction=UP)
17.05.2021 18:04:43.715 [Floor #8] [INFO ]  by.kuzmich.models.Floor - Up: [], Down: [Passenger(id=ec5f2b2d-b264-4119-aeb9-98b5470b2c52, weight=22, floorNumber=1), Passenger(id=df7716e6-2778-40b2-bbe6-037ebbf896c4, weight=52, floorNumber=7), Passenger(id=18fe5187-c689-42fa-8011-8e4d8189cf59, weight=91, floorNumber=1), Passenger(id=f8441215-b160-4d1e-ab9e-7c50d3736f57, weight=13, floorNumber=7)]
17.05.2021 18:04:43.715 [Floor #5] [INFO ]  by.kuzmich.models.Floor - Up: [Passenger(id=8140ab88-aad8-465e-bee5-7cf6658330df, weight=82, floorNumber=6), Passenger(id=60e6fd37-ca7b-431e-966f-6c0f6be22df8, weight=26, floorNumber=10), Passenger(id=5a02deec-faa1-46bc-a1ce-a301fa4cca42, weight=10, floorNumber=8)], Down: [Passenger(id=b1f9f8e2-8555-4935-8775-76635363383a, weight=52, floorNumber=3)]
17.05.2021 18:04:43.715 [Floor #3] [INFO ]  by.kuzmich.models.Floor - Up: [Passenger(id=60ebe569-f18b-4317-8ab5-08796b9ccf0a, weight=106, floorNumber=7)], Down: [Passenger(id=e600c0d9-18d2-4ef1-bf96-938a910f3737, weight=88, floorNumber=2)]
17.05.2021 18:04:43.793 [Elevator #1] [INFO ]  by.kuzmich.service.FloorService - Elevator #1 now on the 3 floor
17.05.2021 18:04:43.793 [Elevator #1] [INFO ]  by.kuzmich.service.FloorService - Elevator #1 moved to the 4 floor
17.05.2021 18:04:44.808 [Elevator #1] [INFO ]  by.kuzmich.models.Elevator - Floor: 4,remove: [Passenger(id=e915455c-4fcd-42a2-a463-2991ad3c705e, weight=30, floorNumber=4), Passenger(id=19db2bb7-6bb8-40ce-ab0c-a904f63feafe, weight=27, floorNumber=4)]
17.05.2021 18:04:44.824 [Elevator #1] [INFO ]  by.kuzmich.statistics.Statistics - Statistics: StatisticsService(numberFloorTo=4, numberFloorFrom=1) = 1
17.05.2021 18:04:44.839 [Elevator #1] [INFO ]  by.kuzmich.statistics.Statistics - Statistics: StatisticsService(numberFloorTo=4, numberFloorFrom=2) = 1
17.05.2021 18:04:44.839 [Elevator #1] [INFO ]  by.kuzmich.service.CallService - Delete call: Call(number=4, direction=UP)
17.05.2021 18:04:44.839 [Elevator #1] [INFO ]  by.kuzmich.models.Elevator - Floor: 4, Add Passenger(id=eabd8815-5813-41ff-8729-265f4df02703, weight=60, floorNumber=10)
17.05.2021 18:04:44.839 [Elevator #1] [INFO ]  by.kuzmich.models.Elevator - Load elevator = 269
17.05.2021 18:04:44.839 [Elevator #1] [INFO ]  by.kuzmich.models.Elevator - Floor: 4, Add Passenger(id=30d1e56e-8393-47ed-90f8-ef09011f5b5e, weight=22, floorNumber=10)
17.05.2021 18:04:44.839 [Elevator #1] [INFO ]  by.kuzmich.models.Elevator - Load elevator = 291
17.05.2021 18:04:48.651 [Floor #7] [INFO ]  by.kuzmich.models.Floor - Up: [], Down: [Passenger(id=31d25c5b-21f4-427d-9d96-48658d62acbe, weight=89, floorNumber=5), Passenger(id=387248cf-a250-45a8-ba15-587544549d37, weight=15, floorNumber=3), Passenger(id=b03b6d92-b9da-4976-9ecf-fcd5275c0361, weight=51, floorNumber=3), Passenger(id=f8cdd46b-acb1-4a74-a2b9-0235916472ef, weight=34, floorNumber=5)]
17.05.2021 18:04:48.700 [Floor #6] [INFO ]  by.kuzmich.service.CallService - Add call: Call(number=6, direction=UP)
17.05.2021 18:04:48.700 [Floor #4] [INFO ]  by.kuzmich.service.CallService - Add call: Call(number=4, direction=UP)
17.05.2021 18:04:48.700 [Floor #4] [INFO ]  by.kuzmich.models.Floor - Up: [Passenger(id=c7f3c3f6-69ad-4d65-9015-d3e8d02112f2, weight=54, floorNumber=6)], Down: [Passenger(id=f51278ee-b567-441d-acab-c051b0f616d3, weight=67, floorNumber=1)]
17.05.2021 18:04:48.700 [Floor #2] [INFO ]  by.kuzmich.models.Floor - Up: [Passenger(id=02113a36-e9ca-4d91-a042-6f1599da264c, weight=55, floorNumber=5), Passenger(id=82e65715-1689-44bb-beb9-fa3aa7b1a48d, weight=41, floorNumber=5)], Down: [Passenger(id=8d5ba364-b12b-44cd-8b3a-2345ada252d9, weight=100, floorNumber=1)]
17.05.2021 18:04:48.700 [Floor #6] [INFO ]  by.kuzmich.models.Floor - Up: [Passenger(id=234a3043-8c35-4d8d-9603-0f7a42627980, weight=38, floorNumber=10)], Down: [Passenger(id=cdffbc5e-042f-43ef-abb4-ade8d91c9e95, weight=67, floorNumber=4), Passenger(id=dbee5f90-9c9a-4ec4-a1f4-8aaa574ec264, weight=69, floorNumber=4), Passenger(id=389b619b-6897-4246-8591-94aab4607a8a, weight=23, floorNumber=1), Passenger(id=810a33a6-7b8b-4a55-8e61-5250416f93f7, weight=68, floorNumber=2)]
17.05.2021 18:04:48.716 [Floor #1] [INFO ]  by.kuzmich.models.Floor - Up: [Passenger(id=40ab69b6-24ec-4279-973d-ae752b427de8, weight=101, floorNumber=4), Passenger(id=b3054a98-ef5d-4401-a788-ac526630ce97, weight=66, floorNumber=2)], Down: []
17.05.2021 18:04:48.716 [Floor #8] [INFO ]  by.kuzmich.models.Floor - Up: [], Down: [Passenger(id=ec5f2b2d-b264-4119-aeb9-98b5470b2c52, weight=22, floorNumber=1), Passenger(id=df7716e6-2778-40b2-bbe6-037ebbf896c4, weight=52, floorNumber=7), Passenger(id=18fe5187-c689-42fa-8011-8e4d8189cf59, weight=91, floorNumber=1), Passenger(id=f8441215-b160-4d1e-ab9e-7c50d3736f57, weight=13, floorNumber=7), Passenger(id=7112b40f-9152-465d-8a32-f395f6d4eb52, weight=34, floorNumber=2)]
17.05.2021 18:04:48.716 [Floor #10] [INFO ]  by.kuzmich.models.Floor - Up: [], Down: [Passenger(id=eb1c0874-e2ec-4322-b6df-33b953f549fc, weight=30, floorNumber=2), Passenger(id=675503c4-10f5-4d93-8475-9215727f582d, weight=87, floorNumber=1), Passenger(id=b88512f1-d5f3-4fba-ad7d-61d141dae191, weight=28, floorNumber=6), Passenger(id=f6f98204-061d-4375-ab65-9d6ee4054618, weight=28, floorNumber=2), Passenger(id=a7ebac2e-abf6-4852-9a8d-550b6f8e2882, weight=27, floorNumber=3)]
17.05.2021 18:04:48.716 [Floor #9] [INFO ]  by.kuzmich.models.Floor - Up: [Passenger(id=55ddae10-7c9f-42a9-901d-0c58f28a5bf9, weight=70, floorNumber=10)], Down: [Passenger(id=6a266294-c6dc-4e94-ac8b-7a10583e7225, weight=102, floorNumber=2), Passenger(id=ff4babbf-bf30-494a-9faf-7eb4632bdc1c, weight=103, floorNumber=8), Passenger(id=857398b1-1d85-4a32-8ccb-0078a982b8cf, weight=56, floorNumber=1)]
17.05.2021 18:04:48.718 [Floor #3] [INFO ]  by.kuzmich.models.Floor - Up: [Passenger(id=60ebe569-f18b-4317-8ab5-08796b9ccf0a, weight=106, floorNumber=7), Passenger(id=9ea1ac75-dbe4-44d9-aac4-5c2e262a817b, weight=87, floorNumber=8)], Down: [Passenger(id=e600c0d9-18d2-4ef1-bf96-938a910f3737, weight=88, floorNumber=2)]
17.05.2021 18:04:48.718 [Floor #5] [INFO ]  by.kuzmich.models.Floor - Up: [Passenger(id=8140ab88-aad8-465e-bee5-7cf6658330df, weight=82, floorNumber=6), Passenger(id=60e6fd37-ca7b-431e-966f-6c0f6be22df8, weight=26, floorNumber=10), Passenger(id=5a02deec-faa1-46bc-a1ce-a301fa4cca42, weight=10, floorNumber=8), Passenger(id=0d74f816-31d6-46e7-9490-4769ab7e847e, weight=71, floorNumber=6)], Down: [Passenger(id=b1f9f8e2-8555-4935-8775-76635363383a, weight=52, floorNumber=3)]
17.05.2021 18:04:48.874 [Elevator #1] [INFO ]  by.kuzmich.service.FloorService - Elevator #1 now on the 4 floor
17.05.2021 18:04:48.874 [Elevator #1] [INFO ]  by.kuzmich.service.FloorService - Elevator #1 moved to the 5 floor
17.05.2021 18:04:49.877 [Elevator #1] [INFO ]  by.kuzmich.service.CallService - Delete call: Call(number=5, direction=UP)
17.05.2021 18:04:49.877 [Elevator #1] [INFO ]  by.kuzmich.models.Elevator - Floor: 5, Add Passenger(id=8140ab88-aad8-465e-bee5-7cf6658330df, weight=82, floorNumber=6)
17.05.2021 18:04:49.877 [Elevator #1] [INFO ]  by.kuzmich.models.Elevator - Load elevator = 373
17.05.2021 18:04:49.877 [Elevator #1] [INFO ]  by.kuzmich.models.Elevator - Floor: 5, Add Passenger(id=60e6fd37-ca7b-431e-966f-6c0f6be22df8, weight=26, floorNumber=10)
17.05.2021 18:04:49.877 [Elevator #1] [INFO ]  by.kuzmich.models.Elevator - Load elevator = 399
17.05.2021 18:04:49.877 [Elevator #1] [INFO ]  by.kuzmich.models.Elevator - Floor: 5, Add Passenger(id=5a02deec-faa1-46bc-a1ce-a301fa4cca42, weight=10, floorNumber=8)
17.05.2021 18:04:49.877 [Elevator #1] [INFO ]  by.kuzmich.models.Elevator - Load elevator = 409
17.05.2021 18:04:49.877 [Elevator #1] [INFO ]  by.kuzmich.models.Elevator - Floor: 5, Add Passenger(id=0d74f816-31d6-46e7-9490-4769ab7e847e, weight=71, floorNumber=6)
17.05.2021 18:04:49.877 [Elevator #1] [INFO ]  by.kuzmich.models.Elevator - Load elevator = 480
17.05.2021 18:04:53.656 [Floor #7] [INFO ]  by.kuzmich.models.Floor - Up: [], Down: [Passenger(id=31d25c5b-21f4-427d-9d96-48658d62acbe, weight=89, floorNumber=5), Passenger(id=387248cf-a250-45a8-ba15-587544549d37, weight=15, floorNumber=3), Passenger(id=b03b6d92-b9da-4976-9ecf-fcd5275c0361, weight=51, floorNumber=3), Passenger(id=f8cdd46b-acb1-4a74-a2b9-0235916472ef, weight=34, floorNumber=5), Passenger(id=025051e9-c439-4b96-8d8e-b43b8dc6225b, weight=94, floorNumber=3)]
17.05.2021 18:04:53.703 [Floor #6] [INFO ]  by.kuzmich.models.Floor - Up: [Passenger(id=234a3043-8c35-4d8d-9603-0f7a42627980, weight=38, floorNumber=10)], Down: [Passenger(id=cdffbc5e-042f-43ef-abb4-ade8d91c9e95, weight=67, floorNumber=4), Passenger(id=dbee5f90-9c9a-4ec4-a1f4-8aaa574ec264, weight=69, floorNumber=4), Passenger(id=389b619b-6897-4246-8591-94aab4607a8a, weight=23, floorNumber=1), Passenger(id=810a33a6-7b8b-4a55-8e61-5250416f93f7, weight=68, floorNumber=2), Passenger(id=023b3d8f-736e-4b39-b5a2-b84c7d21cdc0, weight=53, floorNumber=3)]
17.05.2021 18:04:53.703 [Floor #4] [INFO ]  by.kuzmich.models.Floor - Up: [Passenger(id=c7f3c3f6-69ad-4d65-9015-d3e8d02112f2, weight=54, floorNumber=6), Passenger(id=f6400c28-e48b-4402-8bba-f90785e4db75, weight=50, floorNumber=5)], Down: [Passenger(id=f51278ee-b567-441d-acab-c051b0f616d3, weight=67, floorNumber=1)]
17.05.2021 18:04:53.703 [Floor #2] [INFO ]  by.kuzmich.models.Floor - Up: [Passenger(id=02113a36-e9ca-4d91-a042-6f1599da264c, weight=55, floorNumber=5), Passenger(id=82e65715-1689-44bb-beb9-fa3aa7b1a48d, weight=41, floorNumber=5), Passenger(id=df3716d2-1820-4967-8af5-d4e38cb626c1, weight=44, floorNumber=5)], Down: [Passenger(id=8d5ba364-b12b-44cd-8b3a-2345ada252d9, weight=100, floorNumber=1)]
17.05.2021 18:04:53.719 [Floor #5] [INFO ]  by.kuzmich.service.CallService - Add call: Call(number=5, direction=UP)
17.05.2021 18:04:53.719 [Floor #1] [INFO ]  by.kuzmich.models.Floor - Up: [Passenger(id=40ab69b6-24ec-4279-973d-ae752b427de8, weight=101, floorNumber=4), Passenger(id=b3054a98-ef5d-4401-a788-ac526630ce97, weight=66, floorNumber=2), Passenger(id=5733a727-b3cb-42a8-b6dd-711289c0fd06, weight=23, floorNumber=2)], Down: []
17.05.2021 18:04:53.719 [Floor #3] [INFO ]  by.kuzmich.models.Floor - Up: [Passenger(id=60ebe569-f18b-4317-8ab5-08796b9ccf0a, weight=106, floorNumber=7), Passenger(id=9ea1ac75-dbe4-44d9-aac4-5c2e262a817b, weight=87, floorNumber=8), Passenger(id=0ab2eec2-4d11-4bd0-920a-2cd68db23a0a, weight=100, floorNumber=6)], Down: [Passenger(id=e600c0d9-18d2-4ef1-bf96-938a910f3737, weight=88, floorNumber=2)]
17.05.2021 18:04:53.719 [Floor #10] [INFO ]  by.kuzmich.models.Floor - Up: [], Down: [Passenger(id=eb1c0874-e2ec-4322-b6df-33b953f549fc, weight=30, floorNumber=2), Passenger(id=675503c4-10f5-4d93-8475-9215727f582d, weight=87, floorNumber=1), Passenger(id=b88512f1-d5f3-4fba-ad7d-61d141dae191, weight=28, floorNumber=6), Passenger(id=f6f98204-061d-4375-ab65-9d6ee4054618, weight=28, floorNumber=2), Passenger(id=a7ebac2e-abf6-4852-9a8d-550b6f8e2882, weight=27, floorNumber=3), Passenger(id=2fc7841b-12a0-45e7-aa6e-77a52185213e, weight=64, floorNumber=2)]
17.05.2021 18:04:53.719 [Floor #8] [INFO ]  by.kuzmich.models.Floor - Up: [], Down: [Passenger(id=ec5f2b2d-b264-4119-aeb9-98b5470b2c52, weight=22, floorNumber=1), Passenger(id=df7716e6-2778-40b2-bbe6-037ebbf896c4, weight=52, floorNumber=7), Passenger(id=18fe5187-c689-42fa-8011-8e4d8189cf59, weight=91, floorNumber=1), Passenger(id=f8441215-b160-4d1e-ab9e-7c50d3736f57, weight=13, floorNumber=7), Passenger(id=7112b40f-9152-465d-8a32-f395f6d4eb52, weight=34, floorNumber=2), Passenger(id=c7fb9695-47ae-4e6b-b659-3f6d5dcc3efe, weight=82, floorNumber=6)]
17.05.2021 18:04:53.719 [Floor #9] [INFO ]  by.kuzmich.models.Floor - Up: [Passenger(id=55ddae10-7c9f-42a9-901d-0c58f28a5bf9, weight=70, floorNumber=10)], Down: [Passenger(id=6a266294-c6dc-4e94-ac8b-7a10583e7225, weight=102, floorNumber=2), Passenger(id=ff4babbf-bf30-494a-9faf-7eb4632bdc1c, weight=103, floorNumber=8), Passenger(id=857398b1-1d85-4a32-8ccb-0078a982b8cf, weight=56, floorNumber=1), Passenger(id=8db7f2a0-d596-4947-8d60-487324ab50fe, weight=65, floorNumber=4)]
17.05.2021 18:04:53.720 [Floor #5] [INFO ]  by.kuzmich.models.Floor - Up: [Passenger(id=35a0ab87-f06e-4eba-a27d-cc2db4cdf980, weight=16, floorNumber=9)], Down: [Passenger(id=b1f9f8e2-8555-4935-8775-76635363383a, weight=52, floorNumber=3)]
17.05.2021 18:04:53.907 [Elevator #1] [INFO ]  by.kuzmich.service.FloorService - Elevator #1 now on the 5 floor
17.05.2021 18:04:53.907 [Elevator #1] [INFO ]  by.kuzmich.service.FloorService - Elevator #1 moved to the 6 floor
17.05.2021 18:04:54.917 [Elevator #1] [INFO ]  by.kuzmich.models.Elevator - Floor: 6,remove: [Passenger(id=8140ab88-aad8-465e-bee5-7cf6658330df, weight=82, floorNumber=6), Passenger(id=0d74f816-31d6-46e7-9490-4769ab7e847e, weight=71, floorNumber=6)]
17.05.2021 18:04:54.917 [Elevator #1] [INFO ]  by.kuzmich.statistics.Statistics - Statistics: StatisticsService(numberFloorTo=6, numberFloorFrom=5) = 2
17.05.2021 18:04:54.917 [Elevator #1] [INFO ]  by.kuzmich.service.CallService - Delete call: Call(number=6, direction=UP)
17.05.2021 18:04:54.917 [Elevator #1] [INFO ]  by.kuzmich.models.Elevator - Floor: 6, Add Passenger(id=234a3043-8c35-4d8d-9603-0f7a42627980, weight=38, floorNumber=10)
17.05.2021 18:04:54.917 [Elevator #1] [INFO ]  by.kuzmich.models.Elevator - Load elevator = 365
17.05.2021 18:04:58.658 [Floor #7] [INFO ]  by.kuzmich.service.CallService - Add call: Call(number=7, direction=UP)
17.05.2021 18:04:58.659 [Floor #7] [INFO ]  by.kuzmich.models.Floor - Up: [Passenger(id=2adb8419-c22c-4e8f-9610-5780f6e4b5cf, weight=39, floorNumber=10)], Down: [Passenger(id=31d25c5b-21f4-427d-9d96-48658d62acbe, weight=89, floorNumber=5), Passenger(id=387248cf-a250-45a8-ba15-587544549d37, weight=15, floorNumber=3), Passenger(id=b03b6d92-b9da-4976-9ecf-fcd5275c0361, weight=51, floorNumber=3), Passenger(id=f8cdd46b-acb1-4a74-a2b9-0235916472ef, weight=34, floorNumber=5), Passenger(id=025051e9-c439-4b96-8d8e-b43b8dc6225b, weight=94, floorNumber=3)]
17.05.2021 18:04:58.705 [Floor #6] [INFO ]  by.kuzmich.models.Floor - Up: [], Down: [Passenger(id=cdffbc5e-042f-43ef-abb4-ade8d91c9e95, weight=67, floorNumber=4), Passenger(id=dbee5f90-9c9a-4ec4-a1f4-8aaa574ec264, weight=69, floorNumber=4), Passenger(id=389b619b-6897-4246-8591-94aab4607a8a, weight=23, floorNumber=1), Passenger(id=810a33a6-7b8b-4a55-8e61-5250416f93f7, weight=68, floorNumber=2), Passenger(id=023b3d8f-736e-4b39-b5a2-b84c7d21cdc0, weight=53, floorNumber=3), Passenger(id=ee8a396b-9b72-4816-a8b7-12d01d3f84b8, weight=69, floorNumber=5)]
17.05.2021 18:04:58.706 [Floor #2] [INFO ]  by.kuzmich.models.Floor - Up: [Passenger(id=02113a36-e9ca-4d91-a042-6f1599da264c, weight=55, floorNumber=5), Passenger(id=82e65715-1689-44bb-beb9-fa3aa7b1a48d, weight=41, floorNumber=5), Passenger(id=df3716d2-1820-4967-8af5-d4e38cb626c1, weight=44, floorNumber=5), Passenger(id=d5df3d79-0a59-4fc4-b825-8ab86e9e5571, weight=92, floorNumber=4)], Down: [Passenger(id=8d5ba364-b12b-44cd-8b3a-2345ada252d9, weight=100, floorNumber=1)]
17.05.2021 18:04:58.705 [Floor #4] [INFO ]  by.kuzmich.models.Floor - Up: [Passenger(id=c7f3c3f6-69ad-4d65-9015-d3e8d02112f2, weight=54, floorNumber=6), Passenger(id=f6400c28-e48b-4402-8bba-f90785e4db75, weight=50, floorNumber=5), Passenger(id=c14ec6fd-dbc0-4285-91c2-2dfa7fbc6abf, weight=77, floorNumber=8)], Down: [Passenger(id=f51278ee-b567-441d-acab-c051b0f616d3, weight=67, floorNumber=1)]
17.05.2021 18:04:58.720 [Floor #5] [INFO ]  by.kuzmich.models.Floor - Up: [Passenger(id=35a0ab87-f06e-4eba-a27d-cc2db4cdf980, weight=16, floorNumber=9)], Down: [Passenger(id=b1f9f8e2-8555-4935-8775-76635363383a, weight=52, floorNumber=3)]
17.05.2021 18:04:58.720 [Floor #3] [INFO ]  by.kuzmich.models.Floor - Up: [Passenger(id=60ebe569-f18b-4317-8ab5-08796b9ccf0a, weight=106, floorNumber=7), Passenger(id=9ea1ac75-dbe4-44d9-aac4-5c2e262a817b, weight=87, floorNumber=8), Passenger(id=0ab2eec2-4d11-4bd0-920a-2cd68db23a0a, weight=100, floorNumber=6), Passenger(id=7dfa0b82-59d0-4292-b21f-8b8dcdd9ba2c, weight=20, floorNumber=10)], Down: [Passenger(id=e600c0d9-18d2-4ef1-bf96-938a910f3737, weight=88, floorNumber=2)]
17.05.2021 18:04:58.720 [Floor #9] [INFO ]  by.kuzmich.models.Floor - Up: [Passenger(id=55ddae10-7c9f-42a9-901d-0c58f28a5bf9, weight=70, floorNumber=10), Passenger(id=6f404470-50e7-45f6-ad5b-b79c505a9655, weight=77, floorNumber=10)], Down: [Passenger(id=6a266294-c6dc-4e94-ac8b-7a10583e7225, weight=102, floorNumber=2), Passenger(id=ff4babbf-bf30-494a-9faf-7eb4632bdc1c, weight=103, floorNumber=8), Passenger(id=857398b1-1d85-4a32-8ccb-0078a982b8cf, weight=56, floorNumber=1), Passenger(id=8db7f2a0-d596-4947-8d60-487324ab50fe, weight=65, floorNumber=4)]
17.05.2021 18:04:58.721 [Floor #10] [INFO ]  by.kuzmich.models.Floor - Up: [], Down: [Passenger(id=eb1c0874-e2ec-4322-b6df-33b953f549fc, weight=30, floorNumber=2), Passenger(id=675503c4-10f5-4d93-8475-9215727f582d, weight=87, floorNumber=1), Passenger(id=b88512f1-d5f3-4fba-ad7d-61d141dae191, weight=28, floorNumber=6), Passenger(id=f6f98204-061d-4375-ab65-9d6ee4054618, weight=28, floorNumber=2), Passenger(id=a7ebac2e-abf6-4852-9a8d-550b6f8e2882, weight=27, floorNumber=3), Passenger(id=2fc7841b-12a0-45e7-aa6e-77a52185213e, weight=64, floorNumber=2), Passenger(id=3385dbd4-13eb-436f-944d-9c741dc061b7, weight=28, floorNumber=8)]
17.05.2021 18:04:58.722 [Floor #1] [INFO ]  by.kuzmich.models.Floor - Up: [Passenger(id=40ab69b6-24ec-4279-973d-ae752b427de8, weight=101, floorNumber=4), Passenger(id=b3054a98-ef5d-4401-a788-ac526630ce97, weight=66, floorNumber=2), Passenger(id=5733a727-b3cb-42a8-b6dd-711289c0fd06, weight=23, floorNumber=2)], Down: []
17.05.2021 18:04:58.722 [Floor #8] [INFO ]  by.kuzmich.models.Floor - Up: [], Down: [Passenger(id=ec5f2b2d-b264-4119-aeb9-98b5470b2c52, weight=22, floorNumber=1), Passenger(id=df7716e6-2778-40b2-bbe6-037ebbf896c4, weight=52, floorNumber=7), Passenger(id=18fe5187-c689-42fa-8011-8e4d8189cf59, weight=91, floorNumber=1), Passenger(id=f8441215-b160-4d1e-ab9e-7c50d3736f57, weight=13, floorNumber=7), Passenger(id=7112b40f-9152-465d-8a32-f395f6d4eb52, weight=34, floorNumber=2), Passenger(id=c7fb9695-47ae-4e6b-b659-3f6d5dcc3efe, weight=82, floorNumber=6), Passenger(id=62968bb4-325e-48ab-991e-fc446cb3f914, weight=75, floorNumber=3)]
17.05.2021 18:04:58.939 [Elevator #1] [INFO ]  by.kuzmich.service.FloorService - Elevator #1 now on the 6 floor
17.05.2021 18:04:58.939 [Elevator #1] [INFO ]  by.kuzmich.service.FloorService - Elevator #1 moved to the 7 floor
17.05.2021 18:04:59.951 [Elevator #1] [INFO ]  by.kuzmich.models.Elevator - Floor: 7,remove: [Passenger(id=adbfd853-488f-4e80-ab80-ca89f56d8b9d, weight=82, floorNumber=7)]
17.05.2021 18:04:59.951 [Elevator #1] [INFO ]  by.kuzmich.statistics.Statistics - Statistics: StatisticsService(numberFloorTo=7, numberFloorFrom=3) = 1
17.05.2021 18:04:59.951 [Elevator #1] [INFO ]  by.kuzmich.service.CallService - Delete call: Call(number=7, direction=UP)
17.05.2021 18:04:59.951 [Elevator #1] [INFO ]  by.kuzmich.models.Elevator - Floor: 7, Add Passenger(id=2adb8419-c22c-4e8f-9610-5780f6e4b5cf, weight=39, floorNumber=10)
17.05.2021 18:04:59.951 [Elevator #1] [INFO ]  by.kuzmich.models.Elevator - Load elevator = 322
17.05.2021 18:07:33.207 [main] [INFO ]  by.kuzmich.models.Building - The building begins to be created
17.05.2021 18:07:33.385 [main] [INFO ]  by.kuzmich.models.Building - The building was created
17.05.2021 18:07:33.422 [Floor #6] [INFO ]  by.kuzmich.service.CallService - Add call: Call(number=6, direction=UP)
17.05.2021 18:07:33.455 [Floor #1] [INFO ]  by.kuzmich.service.CallService - Add call: Call(number=1, direction=UP)
17.05.2021 18:07:33.463 [Floor #5] [INFO ]  by.kuzmich.service.CallService - Add call: Call(number=5, direction=DOWN)
17.05.2021 18:07:33.462 [Floor #1] [INFO ]  by.kuzmich.models.Floor - Up: [Passenger(id=fb635eaa-2825-49f7-b924-a720109925d9, weight=98, floorNumber=7)], Down: []
17.05.2021 18:07:33.453 [Floor #6] [INFO ]  by.kuzmich.models.Floor - Up: [Passenger(id=a97ce7bc-27d8-4262-85e4-04d0c0781d5f, weight=37, floorNumber=7)], Down: []
17.05.2021 18:07:33.464 [Floor #5] [INFO ]  by.kuzmich.models.Floor - Up: [], Down: [Passenger(id=60949372-9a45-4c8f-86a3-34bb907d3e93, weight=22, floorNumber=2)]
17.05.2021 18:07:33.468 [Floor #8] [INFO ]  by.kuzmich.service.CallService - Add call: Call(number=8, direction=DOWN)
17.05.2021 18:07:33.469 [Floor #8] [INFO ]  by.kuzmich.models.Floor - Up: [], Down: [Passenger(id=6ffaf4c2-b865-4706-9d5d-208e744cf3d5, weight=97, floorNumber=1)]
17.05.2021 18:07:33.469 [Floor #2] [INFO ]  by.kuzmich.service.CallService - Add call: Call(number=2, direction=UP)
17.05.2021 18:07:33.469 [Floor #2] [INFO ]  by.kuzmich.models.Floor - Up: [Passenger(id=c148d76f-cc40-4303-9748-30a6d4bc2e71, weight=77, floorNumber=3)], Down: []
17.05.2021 18:07:33.470 [Floor #3] [INFO ]  by.kuzmich.service.CallService - Add call: Call(number=3, direction=UP)
17.05.2021 18:07:33.470 [Floor #3] [INFO ]  by.kuzmich.models.Floor - Up: [Passenger(id=bad88d07-da8a-40e1-8f83-20dd5cc36c76, weight=94, floorNumber=5)], Down: []
17.05.2021 18:07:33.470 [Floor #4] [INFO ]  by.kuzmich.service.CallService - Add call: Call(number=4, direction=UP)
17.05.2021 18:07:33.471 [Floor #4] [INFO ]  by.kuzmich.models.Floor - Up: [Passenger(id=f4857ff1-6f0a-488b-9b31-60cb00bc7617, weight=63, floorNumber=10)], Down: []
17.05.2021 18:07:33.471 [Floor #7] [INFO ]  by.kuzmich.service.CallService - Add call: Call(number=7, direction=UP)
17.05.2021 18:07:33.471 [Floor #7] [INFO ]  by.kuzmich.models.Floor - Up: [Passenger(id=823d7da8-17a6-480f-92ea-5b9ad482ff85, weight=98, floorNumber=10)], Down: []
17.05.2021 18:07:33.472 [Floor #9] [INFO ]  by.kuzmich.service.CallService - Add call: Call(number=9, direction=DOWN)
17.05.2021 18:07:33.472 [Floor #9] [INFO ]  by.kuzmich.models.Floor - Up: [], Down: [Passenger(id=5622da52-70e5-4a05-9925-4e180284a343, weight=24, floorNumber=6)]
17.05.2021 18:07:33.472 [Floor #10] [INFO ]  by.kuzmich.service.CallService - Add call: Call(number=10, direction=DOWN)
17.05.2021 18:07:33.472 [Floor #10] [INFO ]  by.kuzmich.models.Floor - Up: [], Down: [Passenger(id=ca3fd7d2-940c-4ba7-bda7-3b42e3a23437, weight=57, floorNumber=6)]
17.05.2021 18:07:33.473 [Elevator #1] [INFO ]  by.kuzmich.service.CallService - Delete call: Call(number=1, direction=UP)
17.05.2021 18:07:34.490 [Elevator #1] [INFO ]  by.kuzmich.models.Elevator - Floor: 1, Add Passenger(id=fb635eaa-2825-49f7-b924-a720109925d9, weight=98, floorNumber=7)
17.05.2021 18:07:34.491 [Elevator #1] [INFO ]  by.kuzmich.models.Elevator - Load elevator = 98
17.05.2021 18:07:38.467 [Floor #5] [INFO ]  by.kuzmich.models.Floor - Up: [], Down: [Passenger(id=60949372-9a45-4c8f-86a3-34bb907d3e93, weight=22, floorNumber=2)]
17.05.2021 18:07:38.467 [Floor #6] [INFO ]  by.kuzmich.service.CallService - Add call: Call(number=6, direction=DOWN)
17.05.2021 18:07:38.467 [Floor #6] [INFO ]  by.kuzmich.models.Floor - Up: [Passenger(id=a97ce7bc-27d8-4262-85e4-04d0c0781d5f, weight=37, floorNumber=7)], Down: [Passenger(id=88fd699e-d00f-4f60-b38f-84fb0633c6a1, weight=69, floorNumber=2)]
17.05.2021 18:07:38.484 [Floor #10] [INFO ]  by.kuzmich.models.Floor - Up: [], Down: [Passenger(id=ca3fd7d2-940c-4ba7-bda7-3b42e3a23437, weight=57, floorNumber=6), Passenger(id=dce879e8-0605-4502-92b2-bbbc1cbcb43d, weight=69, floorNumber=1)]
17.05.2021 18:07:38.486 [Floor #7] [INFO ]  by.kuzmich.models.Floor - Up: [Passenger(id=823d7da8-17a6-480f-92ea-5b9ad482ff85, weight=98, floorNumber=10)], Down: []
17.05.2021 18:07:38.485 [Floor #2] [INFO ]  by.kuzmich.models.Floor - Up: [Passenger(id=c148d76f-cc40-4303-9748-30a6d4bc2e71, weight=77, floorNumber=3)], Down: []
17.05.2021 18:07:38.485 [Floor #4] [INFO ]  by.kuzmich.service.CallService - Add call: Call(number=4, direction=DOWN)
17.05.2021 18:07:38.488 [Floor #4] [INFO ]  by.kuzmich.models.Floor - Up: [Passenger(id=f4857ff1-6f0a-488b-9b31-60cb00bc7617, weight=63, floorNumber=10)], Down: [Passenger(id=3e1709a0-9552-4b2d-b3f8-89f45356c32a, weight=51, floorNumber=3)]
17.05.2021 18:07:38.488 [Floor #3] [INFO ]  by.kuzmich.models.Floor - Up: [Passenger(id=bad88d07-da8a-40e1-8f83-20dd5cc36c76, weight=94, floorNumber=5), Passenger(id=a004c48d-def8-4063-a379-5df89039001a, weight=43, floorNumber=5)], Down: []
17.05.2021 18:07:38.488 [Floor #8] [INFO ]  by.kuzmich.models.Floor - Up: [], Down: [Passenger(id=6ffaf4c2-b865-4706-9d5d-208e744cf3d5, weight=97, floorNumber=1), Passenger(id=98fa29b6-6fb4-471a-b4af-ebb4e9ef83be, weight=10, floorNumber=5)]
17.05.2021 18:07:38.488 [Floor #9] [INFO ]  by.kuzmich.models.Floor - Up: [], Down: [Passenger(id=5622da52-70e5-4a05-9925-4e180284a343, weight=24, floorNumber=6), Passenger(id=2b7ced27-7273-41e5-a8a7-c94cae64d426, weight=41, floorNumber=1)]
17.05.2021 18:07:38.488 [Floor #1] [INFO ]  by.kuzmich.service.CallService - Add call: Call(number=1, direction=UP)
17.05.2021 18:07:38.488 [Floor #1] [INFO ]  by.kuzmich.models.Floor - Up: [Passenger(id=0e57bec1-aeea-4bd1-b7b3-0301d7852414, weight=42, floorNumber=9)], Down: []
17.05.2021 18:07:38.551 [Elevator #1] [INFO ]  by.kuzmich.service.FloorService - Elevator #1 now on the 1 floor
17.05.2021 18:07:38.551 [Elevator #1] [INFO ]  by.kuzmich.service.FloorService - Elevator #1 moved to the 2 floor
17.05.2021 18:07:39.566 [Elevator #1] [INFO ]  by.kuzmich.service.CallService - Delete call: Call(number=2, direction=UP)
17.05.2021 18:07:39.566 [Elevator #1] [INFO ]  by.kuzmich.models.Elevator - Floor: 2, Add Passenger(id=c148d76f-cc40-4303-9748-30a6d4bc2e71, weight=77, floorNumber=3)
17.05.2021 18:07:39.566 [Elevator #1] [INFO ]  by.kuzmich.models.Elevator - Load elevator = 175
17.05.2021 18:07:43.470 [Floor #5] [INFO ]  by.kuzmich.models.Floor - Up: [], Down: [Passenger(id=60949372-9a45-4c8f-86a3-34bb907d3e93, weight=22, floorNumber=2), Passenger(id=3c157eb9-c5f3-4269-9530-230b8c4a67ed, weight=84, floorNumber=3)]
17.05.2021 18:07:43.470 [Floor #6] [INFO ]  by.kuzmich.models.Floor - Up: [Passenger(id=a97ce7bc-27d8-4262-85e4-04d0c0781d5f, weight=37, floorNumber=7)], Down: [Passenger(id=88fd699e-d00f-4f60-b38f-84fb0633c6a1, weight=69, floorNumber=2), Passenger(id=d96f0731-22ef-4da1-9472-88c8ae3b4439, weight=52, floorNumber=3)]
17.05.2021 18:07:43.502 [Floor #2] [INFO ]  by.kuzmich.service.CallService - Add call: Call(number=2, direction=UP)
17.05.2021 18:07:43.502 [Floor #8] [INFO ]  by.kuzmich.models.Floor - Up: [], Down: [Passenger(id=6ffaf4c2-b865-4706-9d5d-208e744cf3d5, weight=97, floorNumber=1), Passenger(id=98fa29b6-6fb4-471a-b4af-ebb4e9ef83be, weight=10, floorNumber=5)]
17.05.2021 18:07:43.503 [Floor #9] [INFO ]  by.kuzmich.models.Floor - Up: [], Down: [Passenger(id=5622da52-70e5-4a05-9925-4e180284a343, weight=24, floorNumber=6), Passenger(id=2b7ced27-7273-41e5-a8a7-c94cae64d426, weight=41, floorNumber=1)]
17.05.2021 18:07:43.503 [Floor #10] [INFO ]  by.kuzmich.models.Floor - Up: [], Down: [Passenger(id=ca3fd7d2-940c-4ba7-bda7-3b42e3a23437, weight=57, floorNumber=6), Passenger(id=dce879e8-0605-4502-92b2-bbbc1cbcb43d, weight=69, floorNumber=1), Passenger(id=7099edd2-0ea7-42ac-8826-b72cb9bceff3, weight=13, floorNumber=5)]
17.05.2021 18:07:43.503 [Floor #7] [INFO ]  by.kuzmich.service.CallService - Add call: Call(number=7, direction=DOWN)
17.05.2021 18:07:43.503 [Floor #2] [INFO ]  by.kuzmich.models.Floor - Up: [Passenger(id=0b6313d5-f7ca-47f2-a161-00d325482334, weight=108, floorNumber=10)], Down: []
17.05.2021 18:07:43.503 [Floor #7] [INFO ]  by.kuzmich.models.Floor - Up: [Passenger(id=823d7da8-17a6-480f-92ea-5b9ad482ff85, weight=98, floorNumber=10)], Down: [Passenger(id=33aae161-f764-4ce3-8e31-919fdabb598d, weight=101, floorNumber=2)]
17.05.2021 18:07:43.503 [Floor #3] [INFO ]  by.kuzmich.models.Floor - Up: [Passenger(id=bad88d07-da8a-40e1-8f83-20dd5cc36c76, weight=94, floorNumber=5), Passenger(id=a004c48d-def8-4063-a379-5df89039001a, weight=43, floorNumber=5), Passenger(id=ca343e39-4d9e-4fab-802e-8ff8875a4043, weight=68, floorNumber=10)], Down: []
17.05.2021 18:07:43.503 [Floor #4] [INFO ]  by.kuzmich.models.Floor - Up: [Passenger(id=f4857ff1-6f0a-488b-9b31-60cb00bc7617, weight=63, floorNumber=10), Passenger(id=af5129b8-512c-4a0d-ade7-0d27551abb1e, weight=43, floorNumber=6)], Down: [Passenger(id=3e1709a0-9552-4b2d-b3f8-89f45356c32a, weight=51, floorNumber=3)]
17.05.2021 18:07:43.503 [Floor #1] [INFO ]  by.kuzmich.models.Floor - Up: [Passenger(id=0e57bec1-aeea-4bd1-b7b3-0301d7852414, weight=42, floorNumber=9), Passenger(id=50df6788-ba95-43cd-902a-5f67f6e7e4a3, weight=36, floorNumber=6)], Down: []
17.05.2021 18:07:43.597 [Elevator #1] [INFO ]  by.kuzmich.service.FloorService - Elevator #1 now on the 2 floor
17.05.2021 18:07:43.597 [Elevator #1] [INFO ]  by.kuzmich.service.FloorService - Elevator #1 moved to the 3 floor
17.05.2021 18:07:44.607 [Elevator #1] [INFO ]  by.kuzmich.models.Elevator - Floor: 3,remove: [Passenger(id=c148d76f-cc40-4303-9748-30a6d4bc2e71, weight=77, floorNumber=3)]
17.05.2021 18:07:44.622 [Elevator #1] [INFO ]  by.kuzmich.statistics.Statistics - Statistics: StatisticsService(numberFloorTo=3, numberFloorFrom=2) = 1
17.05.2021 18:07:44.638 [Elevator #1] [INFO ]  by.kuzmich.service.CallService - Delete call: Call(number=3, direction=UP)
17.05.2021 18:07:44.638 [Elevator #1] [INFO ]  by.kuzmich.models.Elevator - Floor: 3, Add Passenger(id=bad88d07-da8a-40e1-8f83-20dd5cc36c76, weight=94, floorNumber=5)
17.05.2021 18:07:44.638 [Elevator #1] [INFO ]  by.kuzmich.models.Elevator - Load elevator = 192
17.05.2021 18:07:44.638 [Elevator #1] [INFO ]  by.kuzmich.models.Elevator - Floor: 3, Add Passenger(id=a004c48d-def8-4063-a379-5df89039001a, weight=43, floorNumber=5)
17.05.2021 18:07:44.638 [Elevator #1] [INFO ]  by.kuzmich.models.Elevator - Load elevator = 235
17.05.2021 18:07:44.638 [Elevator #1] [INFO ]  by.kuzmich.models.Elevator - Floor: 3, Add Passenger(id=ca343e39-4d9e-4fab-802e-8ff8875a4043, weight=68, floorNumber=10)
17.05.2021 18:07:44.638 [Elevator #1] [INFO ]  by.kuzmich.models.Elevator - Load elevator = 303
17.05.2021 18:07:48.478 [Floor #5] [INFO ]  by.kuzmich.service.CallService - Add call: Call(number=5, direction=UP)
17.05.2021 18:07:48.478 [Floor #6] [INFO ]  by.kuzmich.models.Floor - Up: [Passenger(id=a97ce7bc-27d8-4262-85e4-04d0c0781d5f, weight=37, floorNumber=7)], Down: [Passenger(id=88fd699e-d00f-4f60-b38f-84fb0633c6a1, weight=69, floorNumber=2), Passenger(id=d96f0731-22ef-4da1-9472-88c8ae3b4439, weight=52, floorNumber=3), Passenger(id=1841a35f-b1ba-49d6-92bc-09a588456136, weight=31, floorNumber=2)]
17.05.2021 18:07:48.478 [Floor #5] [INFO ]  by.kuzmich.models.Floor - Up: [Passenger(id=284b47ec-3707-4da0-926a-4ce999b526c9, weight=85, floorNumber=8)], Down: [Passenger(id=60949372-9a45-4c8f-86a3-34bb907d3e93, weight=22, floorNumber=2), Passenger(id=3c157eb9-c5f3-4269-9530-230b8c4a67ed, weight=84, floorNumber=3)]
17.05.2021 18:07:48.510 [Floor #8] [INFO ]  by.kuzmich.models.Floor - Up: [], Down: [Passenger(id=6ffaf4c2-b865-4706-9d5d-208e744cf3d5, weight=97, floorNumber=1), Passenger(id=98fa29b6-6fb4-471a-b4af-ebb4e9ef83be, weight=10, floorNumber=5), Passenger(id=09fb31f5-97aa-4ceb-83d1-82c025d6fa32, weight=12, floorNumber=2)]
17.05.2021 18:07:48.510 [Floor #9] [INFO ]  by.kuzmich.models.Floor - Up: [], Down: [Passenger(id=5622da52-70e5-4a05-9925-4e180284a343, weight=24, floorNumber=6), Passenger(id=2b7ced27-7273-41e5-a8a7-c94cae64d426, weight=41, floorNumber=1), Passenger(id=47c9710c-99e9-40fc-bbcb-b152ee1eb145, weight=81, floorNumber=3)]
17.05.2021 18:07:48.510 [Floor #7] [INFO ]  by.kuzmich.models.Floor - Up: [Passenger(id=823d7da8-17a6-480f-92ea-5b9ad482ff85, weight=98, floorNumber=10)], Down: [Passenger(id=33aae161-f764-4ce3-8e31-919fdabb598d, weight=101, floorNumber=2), Passenger(id=646000e2-9dc8-414a-8863-daf3a8f8eb8b, weight=45, floorNumber=5)]
17.05.2021 18:07:48.510 [Floor #10] [INFO ]  by.kuzmich.models.Floor - Up: [], Down: [Passenger(id=ca3fd7d2-940c-4ba7-bda7-3b42e3a23437, weight=57, floorNumber=6), Passenger(id=dce879e8-0605-4502-92b2-bbbc1cbcb43d, weight=69, floorNumber=1), Passenger(id=7099edd2-0ea7-42ac-8826-b72cb9bceff3, weight=13, floorNumber=5), Passenger(id=86503de0-ca5b-43b5-86c7-17b48770a20c, weight=57, floorNumber=5)]
17.05.2021 18:07:48.513 [Floor #3] [INFO ]  by.kuzmich.service.CallService - Add call: Call(number=3, direction=DOWN)
17.05.2021 18:07:48.513 [Floor #4] [INFO ]  by.kuzmich.models.Floor - Up: [Passenger(id=f4857ff1-6f0a-488b-9b31-60cb00bc7617, weight=63, floorNumber=10), Passenger(id=af5129b8-512c-4a0d-ade7-0d27551abb1e, weight=43, floorNumber=6)], Down: [Passenger(id=3e1709a0-9552-4b2d-b3f8-89f45356c32a, weight=51, floorNumber=3), Passenger(id=e694573c-60c6-45f9-a4e3-2a5f52d4c9f6, weight=26, floorNumber=1)]
17.05.2021 18:07:48.516 [Floor #3] [INFO ]  by.kuzmich.models.Floor - Up: [], Down: [Passenger(id=69b6c600-7dc3-4850-aaa3-9a18018a5cea, weight=101, floorNumber=2)]
17.05.2021 18:07:48.516 [Floor #1] [INFO ]  by.kuzmich.models.Floor - Up: [Passenger(id=0e57bec1-aeea-4bd1-b7b3-0301d7852414, weight=42, floorNumber=9), Passenger(id=50df6788-ba95-43cd-902a-5f67f6e7e4a3, weight=36, floorNumber=6), Passenger(id=4be5111b-fb7c-4d85-93db-f2f954c9add8, weight=83, floorNumber=9)], Down: []
17.05.2021 18:07:48.518 [Floor #2] [INFO ]  by.kuzmich.models.Floor - Up: [Passenger(id=0b6313d5-f7ca-47f2-a161-00d325482334, weight=108, floorNumber=10), Passenger(id=455b4ccb-ccc5-4cf0-839b-1a438bcc7b4e, weight=56, floorNumber=10)], Down: []
17.05.2021 18:07:48.658 [Elevator #1] [INFO ]  by.kuzmich.service.FloorService - Elevator #1 now on the 3 floor
17.05.2021 18:07:48.658 [Elevator #1] [INFO ]  by.kuzmich.service.FloorService - Elevator #1 moved to the 4 floor
17.05.2021 18:07:49.673 [Elevator #1] [INFO ]  by.kuzmich.service.CallService - Delete call: Call(number=4, direction=UP)
17.05.2021 18:07:49.673 [Elevator #1] [INFO ]  by.kuzmich.models.Elevator - Floor: 4, Add Passenger(id=f4857ff1-6f0a-488b-9b31-60cb00bc7617, weight=63, floorNumber=10)
17.05.2021 18:07:49.673 [Elevator #1] [INFO ]  by.kuzmich.models.Elevator - Load elevator = 366
17.05.2021 18:07:49.673 [Elevator #1] [INFO ]  by.kuzmich.models.Elevator - Floor: 4, Add Passenger(id=af5129b8-512c-4a0d-ade7-0d27551abb1e, weight=43, floorNumber=6)
17.05.2021 18:07:49.673 [Elevator #1] [INFO ]  by.kuzmich.models.Elevator - Load elevator = 409
17.05.2021 18:07:53.491 [Floor #6] [INFO ]  by.kuzmich.models.Floor - Up: [Passenger(id=a97ce7bc-27d8-4262-85e4-04d0c0781d5f, weight=37, floorNumber=7)], Down: [Passenger(id=88fd699e-d00f-4f60-b38f-84fb0633c6a1, weight=69, floorNumber=2), Passenger(id=d96f0731-22ef-4da1-9472-88c8ae3b4439, weight=52, floorNumber=3), Passenger(id=1841a35f-b1ba-49d6-92bc-09a588456136, weight=31, floorNumber=2), Passenger(id=6ba9300d-7bf1-48b1-a4a0-0022a6535674, weight=102, floorNumber=1)]
17.05.2021 18:07:53.491 [Floor #5] [INFO ]  by.kuzmich.models.Floor - Up: [Passenger(id=284b47ec-3707-4da0-926a-4ce999b526c9, weight=85, floorNumber=8)], Down: [Passenger(id=60949372-9a45-4c8f-86a3-34bb907d3e93, weight=22, floorNumber=2), Passenger(id=3c157eb9-c5f3-4269-9530-230b8c4a67ed, weight=84, floorNumber=3)]
17.05.2021 18:07:53.524 [Floor #1] [INFO ]  by.kuzmich.models.Floor - Up: [Passenger(id=0e57bec1-aeea-4bd1-b7b3-0301d7852414, weight=42, floorNumber=9), Passenger(id=50df6788-ba95-43cd-902a-5f67f6e7e4a3, weight=36, floorNumber=6), Passenger(id=4be5111b-fb7c-4d85-93db-f2f954c9add8, weight=83, floorNumber=9), Passenger(id=073bcd3c-752a-4636-aa32-830b2ed809a0, weight=73, floorNumber=2)], Down: []
17.05.2021 18:07:53.523 [Floor #3] [INFO ]  by.kuzmich.models.Floor - Up: [], Down: [Passenger(id=69b6c600-7dc3-4850-aaa3-9a18018a5cea, weight=101, floorNumber=2)]
17.05.2021 18:07:53.524 [Floor #2] [INFO ]  by.kuzmich.models.Floor - Up: [Passenger(id=0b6313d5-f7ca-47f2-a161-00d325482334, weight=108, floorNumber=10), Passenger(id=455b4ccb-ccc5-4cf0-839b-1a438bcc7b4e, weight=56, floorNumber=10), Passenger(id=c9fe2873-6c19-49f9-b05b-39155927170f, weight=73, floorNumber=7)], Down: []
17.05.2021 18:07:53.524 [Floor #4] [INFO ]  by.kuzmich.service.CallService - Add call: Call(number=4, direction=UP)
17.05.2021 18:07:53.525 [Floor #4] [INFO ]  by.kuzmich.models.Floor - Up: [Passenger(id=dec3e84b-2202-4a18-a200-0e89e4e63f73, weight=99, floorNumber=9)], Down: [Passenger(id=3e1709a0-9552-4b2d-b3f8-89f45356c32a, weight=51, floorNumber=3), Passenger(id=e694573c-60c6-45f9-a4e3-2a5f52d4c9f6, weight=26, floorNumber=1)]
17.05.2021 18:07:53.525 [Floor #9] [INFO ]  by.kuzmich.models.Floor - Up: [], Down: [Passenger(id=5622da52-70e5-4a05-9925-4e180284a343, weight=24, floorNumber=6), Passenger(id=2b7ced27-7273-41e5-a8a7-c94cae64d426, weight=41, floorNumber=1), Passenger(id=47c9710c-99e9-40fc-bbcb-b152ee1eb145, weight=81, floorNumber=3), Passenger(id=a641fd21-8837-4080-8f8c-1e4ed63def63, weight=26, floorNumber=6)]
17.05.2021 18:07:53.525 [Floor #8] [INFO ]  by.kuzmich.models.Floor - Up: [], Down: [Passenger(id=6ffaf4c2-b865-4706-9d5d-208e744cf3d5, weight=97, floorNumber=1), Passenger(id=98fa29b6-6fb4-471a-b4af-ebb4e9ef83be, weight=10, floorNumber=5), Passenger(id=09fb31f5-97aa-4ceb-83d1-82c025d6fa32, weight=12, floorNumber=2), Passenger(id=02dab5e2-30d3-4b99-8ce6-1b5d45f0f1b2, weight=29, floorNumber=5)]
17.05.2021 18:07:53.525 [Floor #7] [INFO ]  by.kuzmich.models.Floor - Up: [Passenger(id=823d7da8-17a6-480f-92ea-5b9ad482ff85, weight=98, floorNumber=10)], Down: [Passenger(id=33aae161-f764-4ce3-8e31-919fdabb598d, weight=101, floorNumber=2), Passenger(id=646000e2-9dc8-414a-8863-daf3a8f8eb8b, weight=45, floorNumber=5), Passenger(id=741e8772-8bf2-4e12-9a96-9830e59085f0, weight=77, floorNumber=2)]
17.05.2021 18:07:53.525 [Floor #10] [INFO ]  by.kuzmich.models.Floor - Up: [], Down: [Passenger(id=ca3fd7d2-940c-4ba7-bda7-3b42e3a23437, weight=57, floorNumber=6), Passenger(id=dce879e8-0605-4502-92b2-bbbc1cbcb43d, weight=69, floorNumber=1), Passenger(id=7099edd2-0ea7-42ac-8826-b72cb9bceff3, weight=13, floorNumber=5), Passenger(id=86503de0-ca5b-43b5-86c7-17b48770a20c, weight=57, floorNumber=5)]
17.05.2021 18:07:53.697 [Elevator #1] [INFO ]  by.kuzmich.service.FloorService - Elevator #1 now on the 4 floor
17.05.2021 18:07:53.697 [Elevator #1] [INFO ]  by.kuzmich.service.FloorService - Elevator #1 moved to the 5 floor
17.05.2021 18:07:54.712 [Elevator #1] [INFO ]  by.kuzmich.models.Elevator - Floor: 5,remove: [Passenger(id=bad88d07-da8a-40e1-8f83-20dd5cc36c76, weight=94, floorNumber=5), Passenger(id=a004c48d-def8-4063-a379-5df89039001a, weight=43, floorNumber=5)]
17.05.2021 18:07:54.712 [Elevator #1] [INFO ]  by.kuzmich.statistics.Statistics - Statistics: StatisticsService(numberFloorTo=5, numberFloorFrom=3) = 2
17.05.2021 18:07:54.712 [Elevator #1] [INFO ]  by.kuzmich.service.CallService - Delete call: Call(number=5, direction=UP)
17.05.2021 18:07:54.712 [Elevator #1] [INFO ]  by.kuzmich.models.Elevator - Floor: 5, Add Passenger(id=284b47ec-3707-4da0-926a-4ce999b526c9, weight=85, floorNumber=8)
17.05.2021 18:07:54.712 [Elevator #1] [INFO ]  by.kuzmich.models.Elevator - Load elevator = 357
17.05.2021 18:08:40.586 [main] [INFO ]  by.kuzmich.models.Building - The building begins to be created
17.05.2021 18:08:40.742 [main] [INFO ]  by.kuzmich.models.Building - The building was created
17.05.2021 18:08:40.763 [Floor #3] [INFO ]  by.kuzmich.models.Floor - Up: [], Down: []
17.05.2021 18:08:40.764 [Floor #6] [INFO ]  by.kuzmich.models.Floor - Up: [], Down: []
17.05.2021 18:08:40.766 [Floor #2] [INFO ]  by.kuzmich.service.CallService - Add call: Call(number=2, direction=UP)
17.05.2021 18:08:40.767 [Floor #1] [INFO ]  by.kuzmich.service.CallService - Add call: Call(number=1, direction=UP)
17.05.2021 18:08:40.767 [Floor #4] [INFO ]  by.kuzmich.service.CallService - Add call: Call(number=4, direction=DOWN)
17.05.2021 18:08:40.782 [Floor #5] [INFO ]  by.kuzmich.service.CallService - Add call: Call(number=5, direction=UP)
17.05.2021 18:08:40.782 [Floor #4] [INFO ]  by.kuzmich.models.Floor - Up: [], Down: [Passenger(weight=108, floorNumber=1)]
17.05.2021 18:08:40.767 [Floor #1] [INFO ]  by.kuzmich.models.Floor - Up: [Passenger(weight=47, floorNumber=3)], Down: []
17.05.2021 18:08:40.767 [Floor #2] [INFO ]  by.kuzmich.models.Floor - Up: [Passenger(weight=98, floorNumber=3)], Down: []
17.05.2021 18:08:40.782 [Floor #5] [INFO ]  by.kuzmich.models.Floor - Up: [Passenger(weight=102, floorNumber=8)], Down: []
17.05.2021 18:08:40.786 [Floor #7] [INFO ]  by.kuzmich.service.CallService - Add call: Call(number=7, direction=UP)
17.05.2021 18:08:40.786 [Floor #7] [INFO ]  by.kuzmich.models.Floor - Up: [Passenger(weight=56, floorNumber=9)], Down: []
17.05.2021 18:08:40.786 [Floor #8] [INFO ]  by.kuzmich.service.CallService - Add call: Call(number=8, direction=DOWN)
17.05.2021 18:08:40.786 [Floor #8] [INFO ]  by.kuzmich.models.Floor - Up: [], Down: [Passenger(weight=66, floorNumber=1)]
17.05.2021 18:08:40.786 [Floor #9] [INFO ]  by.kuzmich.service.CallService - Add call: Call(number=9, direction=DOWN)
17.05.2021 18:08:40.786 [Floor #9] [INFO ]  by.kuzmich.models.Floor - Up: [], Down: [Passenger(weight=87, floorNumber=1)]
17.05.2021 18:08:40.786 [Floor #10] [INFO ]  by.kuzmich.service.CallService - Add call: Call(number=10, direction=DOWN)
17.05.2021 18:08:40.786 [Floor #10] [INFO ]  by.kuzmich.models.Floor - Up: [], Down: [Passenger(weight=49, floorNumber=5)]
17.05.2021 18:08:40.786 [Elevator #1] [INFO ]  by.kuzmich.service.CallService - Delete call: Call(number=1, direction=UP)
17.05.2021 18:08:41.794 [Elevator #1] [INFO ]  by.kuzmich.models.Elevator - Floor: 1, Add Passenger(weight=47, floorNumber=3)
17.05.2021 18:08:41.794 [Elevator #1] [INFO ]  by.kuzmich.models.Elevator - Load elevator = 47
17.05.2021 18:08:45.781 [Floor #3] [INFO ]  by.kuzmich.service.CallService - Add call: Call(number=3, direction=UP)
17.05.2021 18:08:45.782 [Floor #3] [INFO ]  by.kuzmich.models.Floor - Up: [Passenger(weight=92, floorNumber=8)], Down: []
17.05.2021 18:08:45.782 [Floor #6] [INFO ]  by.kuzmich.service.CallService - Add call: Call(number=6, direction=UP)
17.05.2021 18:08:45.783 [Floor #6] [INFO ]  by.kuzmich.models.Floor - Up: [Passenger(weight=84, floorNumber=8)], Down: []
17.05.2021 18:08:45.797 [Floor #9] [INFO ]  by.kuzmich.models.Floor - Up: [], Down: [Passenger(weight=87, floorNumber=1), Passenger(weight=74, floorNumber=2)]
17.05.2021 18:08:45.799 [Floor #10] [INFO ]  by.kuzmich.models.Floor - Up: [], Down: [Passenger(weight=49, floorNumber=5), Passenger(weight=59, floorNumber=3)]
17.05.2021 18:08:45.799 [Floor #8] [INFO ]  by.kuzmich.models.Floor - Up: [], Down: [Passenger(weight=66, floorNumber=1), Passenger(weight=86, floorNumber=1)]
17.05.2021 18:08:45.800 [Floor #7] [INFO ]  by.kuzmich.service.CallService - Add call: Call(number=7, direction=DOWN)
17.05.2021 18:08:45.801 [Floor #2] [INFO ]  by.kuzmich.service.CallService - Add call: Call(number=2, direction=DOWN)
17.05.2021 18:08:45.801 [Floor #7] [INFO ]  by.kuzmich.models.Floor - Up: [Passenger(weight=56, floorNumber=9)], Down: [Passenger(weight=26, floorNumber=2)]
17.05.2021 18:08:45.802 [Floor #2] [INFO ]  by.kuzmich.models.Floor - Up: [Passenger(weight=98, floorNumber=3)], Down: [Passenger(weight=35, floorNumber=1)]
17.05.2021 18:08:45.802 [Floor #5] [INFO ]  by.kuzmich.service.CallService - Add call: Call(number=5, direction=DOWN)
17.05.2021 18:08:45.803 [Floor #5] [INFO ]  by.kuzmich.models.Floor - Up: [Passenger(weight=102, floorNumber=8)], Down: [Passenger(weight=64, floorNumber=1)]
17.05.2021 18:08:45.803 [Floor #1] [INFO ]  by.kuzmich.service.CallService - Add call: Call(number=1, direction=UP)
17.05.2021 18:08:45.804 [Floor #1] [INFO ]  by.kuzmich.models.Floor - Up: [Passenger(weight=34, floorNumber=3)], Down: []
17.05.2021 18:08:45.804 [Floor #4] [INFO ]  by.kuzmich.models.Floor - Up: [], Down: [Passenger(weight=108, floorNumber=1), Passenger(weight=57, floorNumber=3)]
17.05.2021 18:08:45.828 [Elevator #1] [INFO ]  by.kuzmich.service.FloorService - Elevator #1 now on the 1 floor
17.05.2021 18:08:45.829 [Elevator #1] [INFO ]  by.kuzmich.service.FloorService - Elevator #1 moved to the 2 floor
17.05.2021 18:08:46.830 [Elevator #1] [INFO ]  by.kuzmich.service.CallService - Delete call: Call(number=2, direction=UP)
17.05.2021 18:08:46.830 [Elevator #1] [INFO ]  by.kuzmich.models.Elevator - Floor: 2, Add Passenger(weight=98, floorNumber=3)
17.05.2021 18:08:46.830 [Elevator #1] [INFO ]  by.kuzmich.models.Elevator - Load elevator = 145
17.05.2021 18:08:50.794 [Floor #3] [INFO ]  by.kuzmich.models.Floor - Up: [Passenger(weight=92, floorNumber=8), Passenger(weight=91, floorNumber=9)], Down: []
17.05.2021 18:08:50.794 [Floor #6] [INFO ]  by.kuzmich.models.Floor - Up: [Passenger(weight=84, floorNumber=8), Passenger(weight=37, floorNumber=7)], Down: []
17.05.2021 18:08:50.810 [Floor #4] [INFO ]  by.kuzmich.service.CallService - Add call: Call(number=4, direction=UP)
17.05.2021 18:08:50.811 [Floor #1] [INFO ]  by.kuzmich.models.Floor - Up: [Passenger(weight=34, floorNumber=3), Passenger(weight=80, floorNumber=5)], Down: []
17.05.2021 18:08:50.811 [Floor #2] [INFO ]  by.kuzmich.models.Floor - Up: [], Down: [Passenger(weight=35, floorNumber=1), Passenger(weight=21, floorNumber=1)]
17.05.2021 18:08:50.811 [Floor #7] [INFO ]  by.kuzmich.models.Floor - Up: [Passenger(weight=56, floorNumber=9), Passenger(weight=92, floorNumber=9)], Down: [Passenger(weight=26, floorNumber=2)]
17.05.2021 18:08:50.811 [Floor #5] [INFO ]  by.kuzmich.models.Floor - Up: [Passenger(weight=102, floorNumber=8)], Down: [Passenger(weight=64, floorNumber=1), Passenger(weight=67, floorNumber=2)]
17.05.2021 18:08:50.812 [Floor #8] [INFO ]  by.kuzmich.service.CallService - Add call: Call(number=8, direction=UP)
17.05.2021 18:08:50.813 [Floor #8] [INFO ]  by.kuzmich.models.Floor - Up: [Passenger(weight=15, floorNumber=10)], Down: [Passenger(weight=66, floorNumber=1), Passenger(weight=86, floorNumber=1)]
17.05.2021 18:08:50.813 [Floor #10] [INFO ]  by.kuzmich.models.Floor - Up: [], Down: [Passenger(weight=49, floorNumber=5), Passenger(weight=59, floorNumber=3), Passenger(weight=73, floorNumber=9)]
17.05.2021 18:08:50.814 [Floor #9] [INFO ]  by.kuzmich.models.Floor - Up: [], Down: [Passenger(weight=87, floorNumber=1), Passenger(weight=74, floorNumber=2), Passenger(weight=85, floorNumber=2)]
17.05.2021 18:08:50.811 [Floor #4] [INFO ]  by.kuzmich.models.Floor - Up: [Passenger(weight=96, floorNumber=8)], Down: [Passenger(weight=108, floorNumber=1), Passenger(weight=57, floorNumber=3)]
17.05.2021 18:08:50.862 [Elevator #1] [INFO ]  by.kuzmich.service.FloorService - Elevator #1 now on the 2 floor
17.05.2021 18:08:50.862 [Elevator #1] [INFO ]  by.kuzmich.service.FloorService - Elevator #1 moved to the 3 floor
17.05.2021 18:08:51.884 [Elevator #1] [INFO ]  by.kuzmich.models.Elevator - Floor: 3,remove: [Passenger(weight=47, floorNumber=3), Passenger(weight=98, floorNumber=3)]
17.05.2021 18:08:51.898 [Elevator #1] [INFO ]  by.kuzmich.statistics.Statistics - Statistics: StatisticsService(numberFloorTo=3, numberFloorFrom=1) = 1
17.05.2021 18:08:51.900 [Elevator #1] [INFO ]  by.kuzmich.statistics.Statistics - Statistics: StatisticsService(numberFloorTo=3, numberFloorFrom=2) = 1
17.05.2021 18:08:51.903 [Elevator #1] [INFO ]  by.kuzmich.service.CallService - Delete call: Call(number=3, direction=UP)
17.05.2021 18:08:51.904 [Elevator #1] [INFO ]  by.kuzmich.models.Elevator - Floor: 3, Add Passenger(weight=92, floorNumber=8)
17.05.2021 18:08:51.905 [Elevator #1] [INFO ]  by.kuzmich.models.Elevator - Load elevator = 92
17.05.2021 18:08:51.906 [Elevator #1] [INFO ]  by.kuzmich.models.Elevator - Floor: 3, Add Passenger(weight=91, floorNumber=9)
17.05.2021 18:08:51.907 [Elevator #1] [INFO ]  by.kuzmich.models.Elevator - Load elevator = 183
17.05.2021 18:08:55.804 [Floor #6] [INFO ]  by.kuzmich.service.CallService - Add call: Call(number=6, direction=DOWN)
17.05.2021 18:08:55.806 [Floor #6] [INFO ]  by.kuzmich.models.Floor - Up: [Passenger(weight=84, floorNumber=8), Passenger(weight=37, floorNumber=7)], Down: [Passenger(weight=37, floorNumber=4)]
17.05.2021 18:08:55.806 [Floor #3] [INFO ]  by.kuzmich.service.CallService - Add call: Call(number=3, direction=UP)
17.05.2021 18:08:55.807 [Floor #3] [INFO ]  by.kuzmich.models.Floor - Up: [Passenger(weight=33, floorNumber=6)], Down: []
17.05.2021 18:08:55.819 [Floor #9] [INFO ]  by.kuzmich.models.Floor - Up: [], Down: [Passenger(weight=87, floorNumber=1), Passenger(weight=74, floorNumber=2), Passenger(weight=85, floorNumber=2), Passenger(weight=101, floorNumber=8)]
17.05.2021 18:08:55.819 [Floor #4] [INFO ]  by.kuzmich.models.Floor - Up: [Passenger(weight=96, floorNumber=8), Passenger(weight=57, floorNumber=7)], Down: [Passenger(weight=108, floorNumber=1), Passenger(weight=57, floorNumber=3)]
17.05.2021 18:08:55.820 [Floor #5] [INFO ]  by.kuzmich.models.Floor - Up: [Passenger(weight=102, floorNumber=8)], Down: [Passenger(weight=64, floorNumber=1), Passenger(weight=67, floorNumber=2), Passenger(weight=51, floorNumber=4)]
17.05.2021 18:08:55.820 [Floor #10] [INFO ]  by.kuzmich.models.Floor - Up: [], Down: [Passenger(weight=49, floorNumber=5), Passenger(weight=59, floorNumber=3), Passenger(weight=73, floorNumber=9), Passenger(weight=104, floorNumber=7)]
17.05.2021 18:08:55.821 [Floor #8] [INFO ]  by.kuzmich.models.Floor - Up: [Passenger(weight=15, floorNumber=10)], Down: [Passenger(weight=66, floorNumber=1), Passenger(weight=86, floorNumber=1), Passenger(weight=103, floorNumber=7)]
17.05.2021 18:08:55.821 [Floor #2] [INFO ]  by.kuzmich.models.Floor - Up: [], Down: [Passenger(weight=35, floorNumber=1), Passenger(weight=21, floorNumber=1), Passenger(weight=81, floorNumber=1)]
17.05.2021 18:08:55.821 [Floor #1] [INFO ]  by.kuzmich.models.Floor - Up: [Passenger(weight=34, floorNumber=3), Passenger(weight=80, floorNumber=5), Passenger(weight=13, floorNumber=5)], Down: []
17.05.2021 18:08:55.821 [Floor #7] [INFO ]  by.kuzmich.models.Floor - Up: [Passenger(weight=56, floorNumber=9), Passenger(weight=92, floorNumber=9), Passenger(weight=16, floorNumber=10)], Down: [Passenger(weight=26, floorNumber=2)]
17.05.2021 18:08:55.929 [Elevator #1] [INFO ]  by.kuzmich.service.FloorService - Elevator #1 now on the 3 floor
17.05.2021 18:08:55.930 [Elevator #1] [INFO ]  by.kuzmich.service.FloorService - Elevator #1 moved to the 4 floor
17.05.2021 18:08:56.942 [Elevator #1] [INFO ]  by.kuzmich.service.CallService - Delete call: Call(number=4, direction=UP)
17.05.2021 18:08:56.942 [Elevator #1] [INFO ]  by.kuzmich.models.Elevator - Floor: 4, Add Passenger(weight=96, floorNumber=8)
17.05.2021 18:08:56.942 [Elevator #1] [INFO ]  by.kuzmich.models.Elevator - Load elevator = 279
17.05.2021 18:08:56.942 [Elevator #1] [INFO ]  by.kuzmich.models.Elevator - Floor: 4, Add Passenger(weight=57, floorNumber=7)
17.05.2021 18:08:56.942 [Elevator #1] [INFO ]  by.kuzmich.models.Elevator - Load elevator = 336
17.05.2021 18:09:00.813 [Floor #3] [INFO ]  by.kuzmich.models.Floor - Up: [Passenger(weight=33, floorNumber=6), Passenger(weight=57, floorNumber=7)], Down: []
17.05.2021 18:09:00.813 [Floor #6] [INFO ]  by.kuzmich.models.Floor - Up: [Passenger(weight=84, floorNumber=8), Passenger(weight=37, floorNumber=7)], Down: [Passenger(weight=37, floorNumber=4), Passenger(weight=80, floorNumber=2)]
17.05.2021 18:09:00.830 [Floor #1] [INFO ]  by.kuzmich.models.Floor - Up: [Passenger(weight=34, floorNumber=3), Passenger(weight=80, floorNumber=5), Passenger(weight=13, floorNumber=5), Passenger(weight=19, floorNumber=10)], Down: []
17.05.2021 18:09:00.830 [Floor #7] [INFO ]  by.kuzmich.models.Floor - Up: [Passenger(weight=56, floorNumber=9), Passenger(weight=92, floorNumber=9), Passenger(weight=16, floorNumber=10)], Down: [Passenger(weight=26, floorNumber=2), Passenger(weight=19, floorNumber=4)]
17.05.2021 18:09:00.830 [Floor #10] [INFO ]  by.kuzmich.models.Floor - Up: [], Down: [Passenger(weight=49, floorNumber=5), Passenger(weight=59, floorNumber=3), Passenger(weight=73, floorNumber=9), Passenger(weight=104, floorNumber=7), Passenger(weight=63, floorNumber=9)]
17.05.2021 18:09:00.830 [Floor #5] [INFO ]  by.kuzmich.models.Floor - Up: [Passenger(weight=102, floorNumber=8)], Down: [Passenger(weight=64, floorNumber=1), Passenger(weight=67, floorNumber=2), Passenger(weight=51, floorNumber=4), Passenger(weight=108, floorNumber=4)]
17.05.2021 18:09:00.832 [Floor #8] [INFO ]  by.kuzmich.models.Floor - Up: [Passenger(weight=15, floorNumber=10)], Down: [Passenger(weight=66, floorNumber=1), Passenger(weight=86, floorNumber=1), Passenger(weight=103, floorNumber=7), Passenger(weight=31, floorNumber=6)]
17.05.2021 18:09:00.832 [Floor #2] [INFO ]  by.kuzmich.models.Floor - Up: [], Down: [Passenger(weight=35, floorNumber=1), Passenger(weight=21, floorNumber=1), Passenger(weight=81, floorNumber=1)]
17.05.2021 18:09:00.832 [Floor #9] [INFO ]  by.kuzmich.models.Floor - Up: [], Down: [Passenger(weight=87, floorNumber=1), Passenger(weight=74, floorNumber=2), Passenger(weight=85, floorNumber=2), Passenger(weight=101, floorNumber=8), Passenger(weight=68, floorNumber=8)]
17.05.2021 18:09:00.832 [Floor #4] [INFO ]  by.kuzmich.service.CallService - Add call: Call(number=4, direction=UP)
17.05.2021 18:09:00.832 [Floor #4] [INFO ]  by.kuzmich.models.Floor - Up: [Passenger(weight=86, floorNumber=7)], Down: [Passenger(weight=108, floorNumber=1), Passenger(weight=57, floorNumber=3)]
17.05.2021 18:09:00.957 [Elevator #1] [INFO ]  by.kuzmich.service.FloorService - Elevator #1 now on the 4 floor
17.05.2021 18:09:00.957 [Elevator #1] [INFO ]  by.kuzmich.service.FloorService - Elevator #1 moved to the 5 floor
17.05.2021 18:09:01.971 [Elevator #1] [INFO ]  by.kuzmich.service.CallService - Delete call: Call(number=5, direction=UP)
17.05.2021 18:09:01.972 [Elevator #1] [INFO ]  by.kuzmich.models.Elevator - Floor: 5, Add Passenger(weight=102, floorNumber=8)
17.05.2021 18:09:01.972 [Elevator #1] [INFO ]  by.kuzmich.models.Elevator - Load elevator = 438
17.05.2021 18:09:05.827 [Floor #3] [INFO ]  by.kuzmich.models.Floor - Up: [Passenger(weight=33, floorNumber=6), Passenger(weight=57, floorNumber=7), Passenger(weight=99, floorNumber=6)], Down: []
17.05.2021 18:09:05.827 [Floor #6] [INFO ]  by.kuzmich.models.Floor - Up: [Passenger(weight=84, floorNumber=8), Passenger(weight=37, floorNumber=7), Passenger(weight=106, floorNumber=10)], Down: [Passenger(weight=37, floorNumber=4), Passenger(weight=80, floorNumber=2)]
17.05.2021 18:09:05.832 [Floor #1] [INFO ]  by.kuzmich.models.Floor - Up: [Passenger(weight=34, floorNumber=3), Passenger(weight=80, floorNumber=5), Passenger(weight=13, floorNumber=5), Passenger(weight=19, floorNumber=10), Passenger(weight=16, floorNumber=6)], Down: []
17.05.2021 18:09:05.842 [Floor #10] [INFO ]  by.kuzmich.models.Floor - Up: [], Down: [Passenger(weight=49, floorNumber=5), Passenger(weight=59, floorNumber=3), Passenger(weight=73, floorNumber=9), Passenger(weight=104, floorNumber=7), Passenger(weight=63, floorNumber=9), Passenger(weight=20, floorNumber=2)]
17.05.2021 18:09:05.842 [Floor #5] [INFO ]  by.kuzmich.service.CallService - Add call: Call(number=5, direction=UP)
17.05.2021 18:09:05.842 [Floor #7] [INFO ]  by.kuzmich.models.Floor - Up: [Passenger(weight=56, floorNumber=9), Passenger(weight=92, floorNumber=9), Passenger(weight=16, floorNumber=10)], Down: [Passenger(weight=26, floorNumber=2), Passenger(weight=19, floorNumber=4), Passenger(weight=58, floorNumber=6)]
17.05.2021 18:09:05.843 [Floor #5] [INFO ]  by.kuzmich.models.Floor - Up: [Passenger(weight=42, floorNumber=8)], Down: [Passenger(weight=64, floorNumber=1), Passenger(weight=67, floorNumber=2), Passenger(weight=51, floorNumber=4), Passenger(weight=108, floorNumber=4)]
17.05.2021 18:09:05.843 [Floor #8] [INFO ]  by.kuzmich.models.Floor - Up: [Passenger(weight=15, floorNumber=10)], Down: [Passenger(weight=66, floorNumber=1), Passenger(weight=86, floorNumber=1), Passenger(weight=103, floorNumber=7), Passenger(weight=31, floorNumber=6), Passenger(weight=65, floorNumber=6)]
17.05.2021 18:09:05.843 [Floor #2] [INFO ]  by.kuzmich.service.CallService - Add call: Call(number=2, direction=UP)
17.05.2021 18:09:05.842 [Floor #9] [INFO ]  by.kuzmich.models.Floor - Up: [], Down: [Passenger(weight=87, floorNumber=1), Passenger(weight=74, floorNumber=2), Passenger(weight=85, floorNumber=2), Passenger(weight=101, floorNumber=8), Passenger(weight=68, floorNumber=8)]
17.05.2021 18:09:05.843 [Floor #2] [INFO ]  by.kuzmich.models.Floor - Up: [Passenger(weight=53, floorNumber=5)], Down: [Passenger(weight=35, floorNumber=1), Passenger(weight=21, floorNumber=1), Passenger(weight=81, floorNumber=1)]
17.05.2021 18:09:05.843 [Floor #4] [INFO ]  by.kuzmich.models.Floor - Up: [Passenger(weight=86, floorNumber=7), Passenger(weight=70, floorNumber=6)], Down: [Passenger(weight=108, floorNumber=1), Passenger(weight=57, floorNumber=3)]
17.05.2021 18:09:05.983 [Elevator #1] [INFO ]  by.kuzmich.service.FloorService - Elevator #1 now on the 5 floor
17.05.2021 18:09:05.983 [Elevator #1] [INFO ]  by.kuzmich.service.FloorService - Elevator #1 moved to the 6 floor
17.05.2021 18:09:06.988 [Elevator #1] [INFO ]  by.kuzmich.service.CallService - Delete call: Call(number=6, direction=UP)
17.05.2021 18:09:06.988 [Elevator #1] [INFO ]  by.kuzmich.service.CallService - Add call: Call(number=6, direction=UP)
17.05.2021 18:09:10.837 [Floor #1] [INFO ]  by.kuzmich.models.Floor - Up: [Passenger(weight=34, floorNumber=3), Passenger(weight=80, floorNumber=5), Passenger(weight=13, floorNumber=5), Passenger(weight=19, floorNumber=10), Passenger(weight=16, floorNumber=6), Passenger(weight=81, floorNumber=5)], Down: []
17.05.2021 18:09:10.837 [Floor #3] [INFO ]  by.kuzmich.models.Floor - Up: [Passenger(weight=33, floorNumber=6), Passenger(weight=57, floorNumber=7), Passenger(weight=99, floorNumber=6)], Down: []
17.05.2021 18:09:10.837 [Floor #6] [INFO ]  by.kuzmich.models.Floor - Up: [Passenger(weight=84, floorNumber=8), Passenger(weight=37, floorNumber=7), Passenger(weight=106, floorNumber=10), Passenger(weight=93, floorNumber=10)], Down: [Passenger(weight=37, floorNumber=4), Passenger(weight=80, floorNumber=2)]
17.05.2021 18:09:10.854 [Floor #2] [INFO ]  by.kuzmich.models.Floor - Up: [Passenger(weight=53, floorNumber=5)], Down: [Passenger(weight=35, floorNumber=1), Passenger(weight=21, floorNumber=1), Passenger(weight=81, floorNumber=1), Passenger(weight=101, floorNumber=1)]
17.05.2021 18:09:10.854 [Floor #9] [INFO ]  by.kuzmich.models.Floor - Up: [], Down: [Passenger(weight=87, floorNumber=1), Passenger(weight=74, floorNumber=2), Passenger(weight=85, floorNumber=2), Passenger(weight=101, floorNumber=8), Passenger(weight=68, floorNumber=8), Passenger(weight=70, floorNumber=5)]
17.05.2021 18:09:10.854 [Floor #4] [INFO ]  by.kuzmich.models.Floor - Up: [Passenger(weight=86, floorNumber=7), Passenger(weight=70, floorNumber=6)], Down: [Passenger(weight=108, floorNumber=1), Passenger(weight=57, floorNumber=3), Passenger(weight=16, floorNumber=1)]
17.05.2021 18:09:10.854 [Floor #8] [INFO ]  by.kuzmich.models.Floor - Up: [Passenger(weight=15, floorNumber=10)], Down: [Passenger(weight=66, floorNumber=1), Passenger(weight=86, floorNumber=1), Passenger(weight=103, floorNumber=7), Passenger(weight=31, floorNumber=6), Passenger(weight=65, floorNumber=6), Passenger(weight=97, floorNumber=2)]
17.05.2021 18:09:10.854 [Floor #7] [INFO ]  by.kuzmich.models.Floor - Up: [Passenger(weight=56, floorNumber=9), Passenger(weight=92, floorNumber=9), Passenger(weight=16, floorNumber=10)], Down: [Passenger(weight=26, floorNumber=2), Passenger(weight=19, floorNumber=4), Passenger(weight=58, floorNumber=6), Passenger(weight=44, floorNumber=2)]
17.05.2021 18:09:10.854 [Floor #5] [INFO ]  by.kuzmich.models.Floor - Up: [Passenger(weight=42, floorNumber=8), Passenger(weight=42, floorNumber=10)], Down: [Passenger(weight=64, floorNumber=1), Passenger(weight=67, floorNumber=2), Passenger(weight=51, floorNumber=4), Passenger(weight=108, floorNumber=4)]
17.05.2021 18:09:10.854 [Floor #10] [INFO ]  by.kuzmich.models.Floor - Up: [], Down: [Passenger(weight=49, floorNumber=5), Passenger(weight=59, floorNumber=3), Passenger(weight=73, floorNumber=9), Passenger(weight=104, floorNumber=7), Passenger(weight=63, floorNumber=9), Passenger(weight=20, floorNumber=2), Passenger(weight=86, floorNumber=4)]
17.05.2021 18:09:11.026 [Elevator #1] [INFO ]  by.kuzmich.service.FloorService - Elevator #1 now on the 6 floor
17.05.2021 18:09:11.026 [Elevator #1] [INFO ]  by.kuzmich.service.FloorService - Elevator #1 moved to the 7 floor
17.05.2021 18:09:12.031 [Elevator #1] [INFO ]  by.kuzmich.models.Elevator - Floor: 7,remove: [Passenger(weight=57, floorNumber=7)]
17.05.2021 18:09:12.031 [Elevator #1] [INFO ]  by.kuzmich.statistics.Statistics - Statistics: StatisticsService(numberFloorTo=7, numberFloorFrom=4) = 1
17.05.2021 18:09:12.032 [Elevator #1] [INFO ]  by.kuzmich.service.CallService - Delete call: Call(number=7, direction=UP)
17.05.2021 18:09:12.032 [Elevator #1] [INFO ]  by.kuzmich.models.Elevator - Floor: 7, Add Passenger(weight=56, floorNumber=9)
17.05.2021 18:09:12.032 [Elevator #1] [INFO ]  by.kuzmich.models.Elevator - Load elevator = 437
17.05.2021 18:09:12.032 [Elevator #1] [INFO ]  by.kuzmich.service.CallService - Add call: Call(number=7, direction=UP)
17.05.2021 18:09:15.840 [Floor #3] [INFO ]  by.kuzmich.service.CallService - Add call: Call(number=3, direction=DOWN)
17.05.2021 18:09:15.840 [Floor #6] [INFO ]  by.kuzmich.models.Floor - Up: [Passenger(weight=84, floorNumber=8), Passenger(weight=37, floorNumber=7), Passenger(weight=106, floorNumber=10), Passenger(weight=93, floorNumber=10)], Down: [Passenger(weight=37, floorNumber=4), Passenger(weight=80, floorNumber=2), Passenger(weight=66, floorNumber=2)]
17.05.2021 18:09:15.841 [Floor #1] [INFO ]  by.kuzmich.models.Floor - Up: [Passenger(weight=34, floorNumber=3), Passenger(weight=80, floorNumber=5), Passenger(weight=13, floorNumber=5), Passenger(weight=19, floorNumber=10), Passenger(weight=16, floorNumber=6), Passenger(weight=81, floorNumber=5), Passenger(weight=98, floorNumber=6)], Down: []
17.05.2021 18:09:15.841 [Floor #3] [INFO ]  by.kuzmich.models.Floor - Up: [Passenger(weight=33, floorNumber=6), Passenger(weight=57, floorNumber=7), Passenger(weight=99, floorNumber=6)], Down: [Passenger(weight=57, floorNumber=1)]
17.05.2021 18:09:15.857 [Floor #10] [INFO ]  by.kuzmich.models.Floor - Up: [], Down: [Passenger(weight=49, floorNumber=5), Passenger(weight=59, floorNumber=3), Passenger(weight=73, floorNumber=9), Passenger(weight=104, floorNumber=7), Passenger(weight=63, floorNumber=9), Passenger(weight=20, floorNumber=2), Passenger(weight=86, floorNumber=4), Passenger(weight=60, floorNumber=6)]
17.05.2021 18:09:15.857 [Floor #4] [INFO ]  by.kuzmich.models.Floor - Up: [Passenger(weight=86, floorNumber=7), Passenger(weight=70, floorNumber=6), Passenger(weight=29, floorNumber=5)], Down: [Passenger(weight=108, floorNumber=1), Passenger(weight=57, floorNumber=3), Passenger(weight=16, floorNumber=1)]
17.05.2021 18:09:15.857 [Floor #8] [INFO ]  by.kuzmich.models.Floor - Up: [Passenger(weight=15, floorNumber=10)], Down: [Passenger(weight=66, floorNumber=1), Passenger(weight=86, floorNumber=1), Passenger(weight=103, floorNumber=7), Passenger(weight=31, floorNumber=6), Passenger(weight=65, floorNumber=6), Passenger(weight=97, floorNumber=2), Passenger(weight=45, floorNumber=3)]
17.05.2021 18:09:15.857 [Floor #7] [INFO ]  by.kuzmich.models.Floor - Up: [Passenger(weight=92, floorNumber=9), Passenger(weight=16, floorNumber=10)], Down: [Passenger(weight=26, floorNumber=2), Passenger(weight=19, floorNumber=4), Passenger(weight=58, floorNumber=6), Passenger(weight=44, floorNumber=2), Passenger(weight=54, floorNumber=5)]
17.05.2021 18:09:15.858 [Floor #5] [INFO ]  by.kuzmich.models.Floor - Up: [Passenger(weight=42, floorNumber=8), Passenger(weight=42, floorNumber=10), Passenger(weight=71, floorNumber=7)], Down: [Passenger(weight=64, floorNumber=1), Passenger(weight=67, floorNumber=2), Passenger(weight=51, floorNumber=4), Passenger(weight=108, floorNumber=4)]
17.05.2021 18:09:15.858 [Floor #9] [INFO ]  by.kuzmich.models.Floor - Up: [], Down: [Passenger(weight=87, floorNumber=1), Passenger(weight=74, floorNumber=2), Passenger(weight=85, floorNumber=2), Passenger(weight=101, floorNumber=8), Passenger(weight=68, floorNumber=8), Passenger(weight=70, floorNumber=5), Passenger(weight=58, floorNumber=4)]
17.05.2021 18:09:15.859 [Floor #2] [INFO ]  by.kuzmich.models.Floor - Up: [Passenger(weight=53, floorNumber=5), Passenger(weight=16, floorNumber=9)], Down: [Passenger(weight=35, floorNumber=1), Passenger(weight=21, floorNumber=1), Passenger(weight=81, floorNumber=1), Passenger(weight=101, floorNumber=1)]
17.05.2021 18:09:16.060 [Elevator #1] [INFO ]  by.kuzmich.service.FloorService - Elevator #1 now on the 7 floor
17.05.2021 18:09:16.061 [Elevator #1] [INFO ]  by.kuzmich.service.FloorService - Elevator #1 moved to the 8 floor
17.05.2021 18:09:17.070 [Elevator #1] [INFO ]  by.kuzmich.models.Elevator - Floor: 8,remove: [Passenger(weight=92, floorNumber=8), Passenger(weight=96, floorNumber=8), Passenger(weight=102, floorNumber=8)]
17.05.2021 18:09:17.070 [Elevator #1] [INFO ]  by.kuzmich.statistics.Statistics - Statistics: StatisticsService(numberFloorTo=8, numberFloorFrom=3) = 1
17.05.2021 18:09:17.070 [Elevator #1] [INFO ]  by.kuzmich.statistics.Statistics - Statistics: StatisticsService(numberFloorTo=8, numberFloorFrom=4) = 1
17.05.2021 18:09:17.070 [Elevator #1] [INFO ]  by.kuzmich.statistics.Statistics - Statistics: StatisticsService(numberFloorTo=8, numberFloorFrom=5) = 1
17.05.2021 18:09:17.070 [Elevator #1] [INFO ]  by.kuzmich.service.CallService - Delete call: Call(number=8, direction=UP)
17.05.2021 18:09:17.070 [Elevator #1] [INFO ]  by.kuzmich.models.Elevator - Floor: 8, Add Passenger(weight=15, floorNumber=10)
17.05.2021 18:09:17.070 [Elevator #1] [INFO ]  by.kuzmich.models.Elevator - Load elevator = 162
17.05.2021 18:09:20.844 [Floor #3] [INFO ]  by.kuzmich.models.Floor - Up: [Passenger(weight=33, floorNumber=6), Passenger(weight=57, floorNumber=7), Passenger(weight=99, floorNumber=6), Passenger(weight=28, floorNumber=9)], Down: [Passenger(weight=57, floorNumber=1)]
17.05.2021 18:09:20.844 [Floor #1] [INFO ]  by.kuzmich.models.Floor - Up: [Passenger(weight=34, floorNumber=3), Passenger(weight=80, floorNumber=5), Passenger(weight=13, floorNumber=5), Passenger(weight=19, floorNumber=10), Passenger(weight=16, floorNumber=6), Passenger(weight=81, floorNumber=5), Passenger(weight=98, floorNumber=6), Passenger(weight=49, floorNumber=6)], Down: []
17.05.2021 18:09:20.844 [Floor #6] [INFO ]  by.kuzmich.models.Floor - Up: [Passenger(weight=84, floorNumber=8), Passenger(weight=37, floorNumber=7), Passenger(weight=106, floorNumber=10), Passenger(weight=93, floorNumber=10), Passenger(weight=45, floorNumber=9)], Down: [Passenger(weight=37, floorNumber=4), Passenger(weight=80, floorNumber=2), Passenger(weight=66, floorNumber=2)]
17.05.2021 18:09:20.861 [Floor #4] [INFO ]  by.kuzmich.models.Floor - Up: [Passenger(weight=86, floorNumber=7), Passenger(weight=70, floorNumber=6), Passenger(weight=29, floorNumber=5), Passenger(weight=60, floorNumber=5)], Down: [Passenger(weight=108, floorNumber=1), Passenger(weight=57, floorNumber=3), Passenger(weight=16, floorNumber=1)]
17.05.2021 18:09:20.862 [Floor #8] [INFO ]  by.kuzmich.models.Floor - Up: [], Down: [Passenger(weight=66, floorNumber=1), Passenger(weight=86, floorNumber=1), Passenger(weight=103, floorNumber=7), Passenger(weight=31, floorNumber=6), Passenger(weight=65, floorNumber=6), Passenger(weight=97, floorNumber=2), Passenger(weight=45, floorNumber=3), Passenger(weight=98, floorNumber=6)]
17.05.2021 18:09:20.862 [Floor #10] [INFO ]  by.kuzmich.models.Floor - Up: [], Down: [Passenger(weight=49, floorNumber=5), Passenger(weight=59, floorNumber=3), Passenger(weight=73, floorNumber=9), Passenger(weight=104, floorNumber=7), Passenger(weight=63, floorNumber=9), Passenger(weight=20, floorNumber=2), Passenger(weight=86, floorNumber=4), Passenger(weight=60, floorNumber=6), Passenger(weight=78, floorNumber=3)]
17.05.2021 18:09:20.861 [Floor #2] [INFO ]  by.kuzmich.models.Floor - Up: [Passenger(weight=53, floorNumber=5), Passenger(weight=16, floorNumber=9), Passenger(weight=74, floorNumber=3)], Down: [Passenger(weight=35, floorNumber=1), Passenger(weight=21, floorNumber=1), Passenger(weight=81, floorNumber=1), Passenger(weight=101, floorNumber=1)]
17.05.2021 18:09:20.862 [Floor #9] [INFO ]  by.kuzmich.models.Floor - Up: [], Down: [Passenger(weight=87, floorNumber=1), Passenger(weight=74, floorNumber=2), Passenger(weight=85, floorNumber=2), Passenger(weight=101, floorNumber=8), Passenger(weight=68, floorNumber=8), Passenger(weight=70, floorNumber=5), Passenger(weight=58, floorNumber=4), Passenger(weight=99, floorNumber=5)]
17.05.2021 18:09:20.861 [Floor #5] [INFO ]  by.kuzmich.models.Floor - Up: [Passenger(weight=42, floorNumber=8), Passenger(weight=42, floorNumber=10), Passenger(weight=71, floorNumber=7), Passenger(weight=21, floorNumber=7)], Down: [Passenger(weight=64, floorNumber=1), Passenger(weight=67, floorNumber=2), Passenger(weight=51, floorNumber=4), Passenger(weight=108, floorNumber=4)]
17.05.2021 18:09:20.862 [Floor #7] [INFO ]  by.kuzmich.models.Floor - Up: [Passenger(weight=92, floorNumber=9), Passenger(weight=16, floorNumber=10)], Down: [Passenger(weight=26, floorNumber=2), Passenger(weight=19, floorNumber=4), Passenger(weight=58, floorNumber=6), Passenger(weight=44, floorNumber=2), Passenger(weight=54, floorNumber=5), Passenger(weight=55, floorNumber=1)]
17.05.2021 18:09:21.097 [Elevator #1] [INFO ]  by.kuzmich.service.FloorService - Elevator #1 now on the 8 floor
17.05.2021 18:09:21.097 [Elevator #1] [INFO ]  by.kuzmich.service.FloorService - Elevator #1 moved to the 9 floor
17.05.2021 18:09:22.112 [Elevator #1] [INFO ]  by.kuzmich.models.Elevator - Floor: 9,remove: [Passenger(weight=91, floorNumber=9), Passenger(weight=56, floorNumber=9)]
17.05.2021 18:09:22.113 [Elevator #1] [INFO ]  by.kuzmich.statistics.Statistics - Statistics: StatisticsService(numberFloorTo=9, numberFloorFrom=7) = 1
17.05.2021 18:09:22.113 [Elevator #1] [INFO ]  by.kuzmich.statistics.Statistics - Statistics: StatisticsService(numberFloorTo=9, numberFloorFrom=3) = 1
17.05.2021 18:09:25.854 [Floor #6] [INFO ]  by.kuzmich.models.Floor - Up: [Passenger(weight=84, floorNumber=8), Passenger(weight=37, floorNumber=7), Passenger(weight=106, floorNumber=10), Passenger(weight=93, floorNumber=10), Passenger(weight=45, floorNumber=9)], Down: [Passenger(weight=37, floorNumber=4), Passenger(weight=80, floorNumber=2), Passenger(weight=66, floorNumber=2), Passenger(weight=16, floorNumber=2)]
17.05.2021 18:09:25.854 [Floor #1] [INFO ]  by.kuzmich.models.Floor - Up: [Passenger(weight=34, floorNumber=3), Passenger(weight=80, floorNumber=5), Passenger(weight=13, floorNumber=5), Passenger(weight=19, floorNumber=10), Passenger(weight=16, floorNumber=6), Passenger(weight=81, floorNumber=5), Passenger(weight=98, floorNumber=6), Passenger(weight=49, floorNumber=6), Passenger(weight=47, floorNumber=6)], Down: []
17.05.2021 18:09:25.854 [Floor #3] [INFO ]  by.kuzmich.models.Floor - Up: [Passenger(weight=33, floorNumber=6), Passenger(weight=57, floorNumber=7), Passenger(weight=99, floorNumber=6), Passenger(weight=28, floorNumber=9), Passenger(weight=106, floorNumber=8)], Down: [Passenger(weight=57, floorNumber=1)]
17.05.2021 18:09:25.871 [Floor #2] [INFO ]  by.kuzmich.models.Floor - Up: [Passenger(weight=53, floorNumber=5), Passenger(weight=16, floorNumber=9), Passenger(weight=74, floorNumber=3), Passenger(weight=14, floorNumber=4)], Down: [Passenger(weight=35, floorNumber=1), Passenger(weight=21, floorNumber=1), Passenger(weight=81, floorNumber=1), Passenger(weight=101, floorNumber=1)]
17.05.2021 18:09:25.871 [Floor #8] [INFO ]  by.kuzmich.models.Floor - Up: [], Down: [Passenger(weight=66, floorNumber=1), Passenger(weight=86, floorNumber=1), Passenger(weight=103, floorNumber=7), Passenger(weight=31, floorNumber=6), Passenger(weight=65, floorNumber=6), Passenger(weight=97, floorNumber=2), Passenger(weight=45, floorNumber=3), Passenger(weight=98, floorNumber=6), Passenger(weight=87, floorNumber=1)]
17.05.2021 18:09:25.871 [Floor #10] [INFO ]  by.kuzmich.models.Floor - Up: [], Down: [Passenger(weight=49, floorNumber=5), Passenger(weight=59, floorNumber=3), Passenger(weight=73, floorNumber=9), Passenger(weight=104, floorNumber=7), Passenger(weight=63, floorNumber=9), Passenger(weight=20, floorNumber=2), Passenger(weight=86, floorNumber=4), Passenger(weight=60, floorNumber=6), Passenger(weight=78, floorNumber=3), Passenger(weight=92, floorNumber=1)]
17.05.2021 18:09:25.871 [Floor #4] [INFO ]  by.kuzmich.models.Floor - Up: [Passenger(weight=86, floorNumber=7), Passenger(weight=70, floorNumber=6), Passenger(weight=29, floorNumber=5), Passenger(weight=60, floorNumber=5), Passenger(weight=74, floorNumber=7)], Down: [Passenger(weight=108, floorNumber=1), Passenger(weight=57, floorNumber=3), Passenger(weight=16, floorNumber=1)]
17.05.2021 18:09:25.872 [Floor #9] [INFO ]  by.kuzmich.service.CallService - Add call: Call(number=9, direction=UP)
17.05.2021 18:09:25.872 [Floor #9] [INFO ]  by.kuzmich.models.Floor - Up: [Passenger(weight=31, floorNumber=10)], Down: [Passenger(weight=87, floorNumber=1), Passenger(weight=74, floorNumber=2), Passenger(weight=85, floorNumber=2), Passenger(weight=101, floorNumber=8), Passenger(weight=68, floorNumber=8), Passenger(weight=70, floorNumber=5), Passenger(weight=58, floorNumber=4), Passenger(weight=99, floorNumber=5)]
17.05.2021 18:09:25.872 [Floor #5] [INFO ]  by.kuzmich.models.Floor - Up: [Passenger(weight=42, floorNumber=8), Passenger(weight=42, floorNumber=10), Passenger(weight=71, floorNumber=7), Passenger(weight=21, floorNumber=7), Passenger(weight=13, floorNumber=7)], Down: [Passenger(weight=64, floorNumber=1), Passenger(weight=67, floorNumber=2), Passenger(weight=51, floorNumber=4), Passenger(weight=108, floorNumber=4)]
17.05.2021 18:09:25.872 [Floor #7] [INFO ]  by.kuzmich.models.Floor - Up: [Passenger(weight=92, floorNumber=9), Passenger(weight=16, floorNumber=10), Passenger(weight=98, floorNumber=10)], Down: [Passenger(weight=26, floorNumber=2), Passenger(weight=19, floorNumber=4), Passenger(weight=58, floorNumber=6), Passenger(weight=44, floorNumber=2), Passenger(weight=54, floorNumber=5), Passenger(weight=55, floorNumber=1)]
17.05.2021 18:09:26.137 [Elevator #1] [INFO ]  by.kuzmich.service.FloorService - Elevator #1 now on the 9 floor
17.05.2021 18:09:26.137 [Elevator #1] [INFO ]  by.kuzmich.service.FloorService - Elevator #1 moved to the 10 floor
17.05.2021 18:09:27.147 [Elevator #1] [INFO ]  by.kuzmich.models.Elevator - Floor: 10,remove: [Passenger(weight=15, floorNumber=10)]
17.05.2021 18:09:27.147 [Elevator #1] [INFO ]  by.kuzmich.statistics.Statistics - Statistics: StatisticsService(numberFloorTo=10, numberFloorFrom=8) = 1
